2021-12-16 11:15:55.429 INFO  2764 --- [background-preinit] org.hibernate.validator.internal.util.Version - HV000001: Hibernate Validator 6.1.7.Final
2021-12-16 11:15:55.460 INFO  2764 --- [restartedMain] org.example.SystemApplicationStarter - Starting SystemApplicationStarter on wobenwangzhe with PID 2764 (F:\ideaspace\addrook-backend\target\classes started by 王晗 in F:\ideaspace\addrook-backend)
2021-12-16 11:15:55.460 INFO  2764 --- [restartedMain] org.example.SystemApplicationStarter - The following profiles are active: mybatisplus
2021-12-16 11:15:55.507 INFO  2764 --- [restartedMain] o.s.b.d.env.DevToolsPropertyDefaultsPostProcessor - Devtools property defaults active! Set 'spring.devtools.add-properties' to 'false' to disable
2021-12-16 11:15:55.507 INFO  2764 --- [restartedMain] o.s.b.d.env.DevToolsPropertyDefaultsPostProcessor - For additional web related logging consider setting the 'logging.level.web' property to 'DEBUG'
2021-12-16 11:15:56.319 INFO  2764 --- [restartedMain] o.s.d.r.config.RepositoryConfigurationDelegate - Multiple Spring Data modules found, entering strict repository configuration mode!
2021-12-16 11:15:56.335 INFO  2764 --- [restartedMain] o.s.d.r.config.RepositoryConfigurationDelegate - Bootstrapping Spring Data Redis repositories in DEFAULT mode.
2021-12-16 11:15:56.350 INFO  2764 --- [restartedMain] o.s.d.r.config.RepositoryConfigurationDelegate - Finished Spring Data repository scanning in 13ms. Found 0 Redis repository interfaces.
2021-12-16 11:15:56.475 WARN  2764 --- [restartedMain] org.mybatis.spring.mapper.ClassPathMapperScanner - Skipping MapperFactoryBean with name 'userDao' and 'org.example.addrook.dao.UserDao' mapperInterface. Bean already defined with the same name!
2021-12-16 11:15:56.475 WARN  2764 --- [restartedMain] org.mybatis.spring.mapper.ClassPathMapperScanner - No MyBatis mapper was found in '[org.example.addrook.dao]' package. Please check your configuration.
2021-12-16 11:15:56.835 INFO  2764 --- [restartedMain] o.s.boot.web.embedded.tomcat.TomcatWebServer - Tomcat initialized with port(s): 80 (http)
2021-12-16 11:15:56.835 INFO  2764 --- [restartedMain] org.apache.coyote.http11.Http11NioProtocol - Initializing ProtocolHandler ["http-nio-80"]
2021-12-16 11:15:56.835 INFO  2764 --- [restartedMain] org.apache.catalina.core.StandardService - Starting service [Tomcat]
2021-12-16 11:15:56.835 INFO  2764 --- [restartedMain] org.apache.catalina.core.StandardEngine - Starting Servlet engine: [Apache Tomcat/9.0.46]
2021-12-16 11:15:56.928 INFO  2764 --- [restartedMain] o.a.c.core.ContainerBase.[Tomcat].[localhost].[/] - Initializing Spring embedded WebApplicationContext
2021-12-16 11:15:56.928 INFO  2764 --- [restartedMain] o.s.b.w.s.c.ServletWebServerApplicationContext - Root WebApplicationContext: initialization completed in 1421 ms
2021-12-16 11:15:57.069 INFO  2764 --- [restartedMain] c.a.d.s.b.a.DruidDataSourceAutoConfigure - Init DruidDataSource
2021-12-16 11:15:57.538 INFO  2764 --- [restartedMain] com.alibaba.druid.pool.DruidDataSource - {dataSource-1} inited
2021-12-16 11:15:58.580 INFO  2764 --- [restartedMain] o.s.scheduling.concurrent.ThreadPoolTaskExecutor - Initializing ExecutorService 'applicationTaskExecutor'
2021-12-16 11:15:58.611 INFO  2764 --- [restartedMain] o.s.b.d.autoconfigure.OptionalLiveReloadServer - LiveReload server is running on port 35729
2021-12-16 11:15:58.814 INFO  2764 --- [restartedMain] org.apache.coyote.http11.Http11NioProtocol - Starting ProtocolHandler ["http-nio-80"]
2021-12-16 11:15:58.845 INFO  2764 --- [restartedMain] o.s.boot.web.embedded.tomcat.TomcatWebServer - Tomcat started on port(s): 80 (http) with context path ''
2021-12-16 11:15:59.048 INFO  2764 --- [restartedMain] org.example.SystemApplicationStarter - Started SystemApplicationStarter in 4.052 seconds (JVM running for 5.772)
2021-12-16 11:16:38.259 INFO  2764 --- [http-nio-80-exec-1] o.a.c.core.ContainerBase.[Tomcat].[localhost].[/] - Initializing Spring DispatcherServlet 'dispatcherServlet'
2021-12-16 11:16:38.260 INFO  2764 --- [http-nio-80-exec-1] org.springframework.web.servlet.DispatcherServlet - Initializing Servlet 'dispatcherServlet'
2021-12-16 11:16:38.265 INFO  2764 --- [http-nio-80-exec-1] org.springframework.web.servlet.DispatcherServlet - Completed initialization in 5 ms
2021-12-16 11:27:59.318 INFO  2764 --- [Thread-12] o.s.scheduling.concurrent.ThreadPoolTaskExecutor - Shutting down ExecutorService 'applicationTaskExecutor'
2021-12-16 11:27:59.369 INFO  2764 --- [Thread-12] com.alibaba.druid.pool.DruidDataSource - {dataSource-1} closing ...
2021-12-16 11:27:59.370 INFO  2764 --- [Thread-12] com.alibaba.druid.pool.DruidDataSource - {dataSource-1} closed
2021-12-16 11:27:59.633 INFO  2764 --- [restartedMain] org.example.SystemApplicationStarter - Starting SystemApplicationStarter on wobenwangzhe with PID 2764 (F:\ideaspace\addrook-backend\target\classes started by 王晗 in F:\ideaspace\addrook-backend)
2021-12-16 11:27:59.634 INFO  2764 --- [restartedMain] org.example.SystemApplicationStarter - The following profiles are active: mybatisplus
2021-12-16 11:28:00.066 INFO  2764 --- [restartedMain] o.s.d.r.config.RepositoryConfigurationDelegate - Multiple Spring Data modules found, entering strict repository configuration mode!
2021-12-16 11:28:00.066 INFO  2764 --- [restartedMain] o.s.d.r.config.RepositoryConfigurationDelegate - Bootstrapping Spring Data Redis repositories in DEFAULT mode.
2021-12-16 11:28:00.072 INFO  2764 --- [restartedMain] o.s.d.r.config.RepositoryConfigurationDelegate - Finished Spring Data repository scanning in 6ms. Found 0 Redis repository interfaces.
2021-12-16 11:28:00.107 WARN  2764 --- [restartedMain] org.mybatis.spring.mapper.ClassPathMapperScanner - Skipping MapperFactoryBean with name 'userDao' and 'org.example.addrook.dao.UserDao' mapperInterface. Bean already defined with the same name!
2021-12-16 11:28:00.107 WARN  2764 --- [restartedMain] org.mybatis.spring.mapper.ClassPathMapperScanner - No MyBatis mapper was found in '[org.example.addrook.dao]' package. Please check your configuration.
2021-12-16 11:28:00.196 INFO  2764 --- [restartedMain] o.s.boot.web.embedded.tomcat.TomcatWebServer - Tomcat initialized with port(s): 80 (http)
2021-12-16 11:28:00.196 INFO  2764 --- [restartedMain] org.apache.coyote.http11.Http11NioProtocol - Initializing ProtocolHandler ["http-nio-80"]
2021-12-16 11:28:00.196 INFO  2764 --- [restartedMain] org.apache.catalina.core.StandardService - Starting service [Tomcat]
2021-12-16 11:28:00.196 INFO  2764 --- [restartedMain] org.apache.catalina.core.StandardEngine - Starting Servlet engine: [Apache Tomcat/9.0.46]
2021-12-16 11:28:00.222 INFO  2764 --- [restartedMain] o.a.c.core.ContainerBase.[Tomcat].[localhost].[/] - Initializing Spring embedded WebApplicationContext
2021-12-16 11:28:00.222 INFO  2764 --- [restartedMain] o.s.b.w.s.c.ServletWebServerApplicationContext - Root WebApplicationContext: initialization completed in 585 ms
2021-12-16 11:28:00.253 INFO  2764 --- [restartedMain] c.a.d.s.b.a.DruidDataSourceAutoConfigure - Init DruidDataSource
2021-12-16 11:28:00.293 INFO  2764 --- [restartedMain] com.alibaba.druid.pool.DruidDataSource - {dataSource-2} inited
2021-12-16 11:28:00.579 WARN  2764 --- [restartedMain] o.s.b.w.s.c.AnnotationConfigServletWebServerApplicationContext - Exception encountered during context initialization - cancelling refresh attempt: org.springframework.beans.factory.BeanCreationException: Error creating bean with name 'inMemorySwaggerResourcesProvider' defined in URL [jar:file:/D:/ruanjian/localrepository/io/springfox/springfox-swagger-common/3.0.0/springfox-swagger-common-3.0.0.jar!/springfox/documentation/swagger/web/InMemorySwaggerResourcesProvider.class]: Bean instantiation via constructor failed; nested exception is org.springframework.beans.BeanInstantiationException: Failed to instantiate [springfox.documentation.swagger.web.InMemorySwaggerResourcesProvider]: Constructor threw exception; nested exception is org.springframework.beans.factory.BeanCreationException: Error creating bean with name 'createRestAPI' defined in class path resource [org/example/base/configuration/SwaggerConfiguration.class]: Bean instantiation via factory method failed; nested exception is org.springframework.beans.BeanInstantiationException: Failed to instantiate [springfox.documentation.spring.web.plugins.Docket]: Factory method 'createRestAPI' threw exception; nested exception is java.lang.NoClassDefFoundError: org/example/base/util/SwaggerPropertiesUtil
2021-12-16 11:28:00.580 INFO  2764 --- [restartedMain] com.alibaba.druid.pool.DruidDataSource - {dataSource-2} closing ...
2021-12-16 11:28:00.583 INFO  2764 --- [restartedMain] com.alibaba.druid.pool.DruidDataSource - {dataSource-2} closed
2021-12-16 11:28:00.583 INFO  2764 --- [restartedMain] org.apache.catalina.core.StandardService - Stopping service [Tomcat]
2021-12-16 11:28:00.590 INFO  2764 --- [restartedMain] o.s.b.a.l.ConditionEvaluationReportLoggingListener - 

Error starting ApplicationContext. To display the conditions report re-run your application with 'debug' enabled.
2021-12-16 11:28:00.613 ERROR 2764 --- [restartedMain] org.springframework.boot.SpringApplication - Application run failed
org.springframework.beans.factory.BeanCreationException: Error creating bean with name 'inMemorySwaggerResourcesProvider' defined in URL [jar:file:/D:/ruanjian/localrepository/io/springfox/springfox-swagger-common/3.0.0/springfox-swagger-common-3.0.0.jar!/springfox/documentation/swagger/web/InMemorySwaggerResourcesProvider.class]: Bean instantiation via constructor failed; nested exception is org.springframework.beans.BeanInstantiationException: Failed to instantiate [springfox.documentation.swagger.web.InMemorySwaggerResourcesProvider]: Constructor threw exception; nested exception is org.springframework.beans.factory.BeanCreationException: Error creating bean with name 'createRestAPI' defined in class path resource [org/example/base/configuration/SwaggerConfiguration.class]: Bean instantiation via factory method failed; nested exception is org.springframework.beans.BeanInstantiationException: Failed to instantiate [springfox.documentation.spring.web.plugins.Docket]: Factory method 'createRestAPI' threw exception; nested exception is java.lang.NoClassDefFoundError: org/example/base/util/SwaggerPropertiesUtil
	at org.springframework.beans.factory.support.ConstructorResolver.instantiate(ConstructorResolver.java:314)
	at org.springframework.beans.factory.support.ConstructorResolver.autowireConstructor(ConstructorResolver.java:295)
	at org.springframework.beans.factory.support.AbstractAutowireCapableBeanFactory.autowireConstructor(AbstractAutowireCapableBeanFactory.java:1361)
	at org.springframework.beans.factory.support.AbstractAutowireCapableBeanFactory.createBeanInstance(AbstractAutowireCapableBeanFactory.java:1208)
	at org.springframework.beans.factory.support.AbstractAutowireCapableBeanFactory.doCreateBean(AbstractAutowireCapableBeanFactory.java:556)
	at org.springframework.beans.factory.support.AbstractAutowireCapableBeanFactory.createBean(AbstractAutowireCapableBeanFactory.java:516)
	at org.springframework.beans.factory.support.AbstractBeanFactory.lambda$doGetBean$0(AbstractBeanFactory.java:324)
	at org.springframework.beans.factory.support.DefaultSingletonBeanRegistry.getSingleton(DefaultSingletonBeanRegistry.java:234)
	at org.springframework.beans.factory.support.AbstractBeanFactory.doGetBean(AbstractBeanFactory.java:322)
	at org.springframework.beans.factory.support.AbstractBeanFactory.getBean(AbstractBeanFactory.java:202)
	at org.springframework.beans.factory.support.DefaultListableBeanFactory.preInstantiateSingletons(DefaultListableBeanFactory.java:897)
	at org.springframework.context.support.AbstractApplicationContext.finishBeanFactoryInitialization(AbstractApplicationContext.java:879)
	at org.springframework.context.support.AbstractApplicationContext.refresh(AbstractApplicationContext.java:551)
	at org.springframework.boot.web.servlet.context.ServletWebServerApplicationContext.refresh(ServletWebServerApplicationContext.java:143)
	at org.springframework.boot.SpringApplication.refresh(SpringApplication.java:755)
	at org.springframework.boot.SpringApplication.refresh(SpringApplication.java:747)
	at org.springframework.boot.SpringApplication.refreshContext(SpringApplication.java:402)
	at org.springframework.boot.SpringApplication.run(SpringApplication.java:312)
	at org.springframework.boot.SpringApplication.run(SpringApplication.java:1247)
	at org.springframework.boot.SpringApplication.run(SpringApplication.java:1236)
	at org.example.SystemApplicationStarter.main(SystemApplicationStarter.java:16)
	at sun.reflect.NativeMethodAccessorImpl.invoke0(Native Method)
	at sun.reflect.NativeMethodAccessorImpl.invoke(NativeMethodAccessorImpl.java:62)
	at sun.reflect.DelegatingMethodAccessorImpl.invoke(DelegatingMethodAccessorImpl.java:43)
	at java.lang.reflect.Method.invoke(Method.java:498)
	at org.springframework.boot.devtools.restart.RestartLauncher.run(RestartLauncher.java:49)
Caused by: org.springframework.beans.BeanInstantiationException: Failed to instantiate [springfox.documentation.swagger.web.InMemorySwaggerResourcesProvider]: Constructor threw exception; nested exception is org.springframework.beans.factory.BeanCreationException: Error creating bean with name 'createRestAPI' defined in class path resource [org/example/base/configuration/SwaggerConfiguration.class]: Bean instantiation via factory method failed; nested exception is org.springframework.beans.BeanInstantiationException: Failed to instantiate [springfox.documentation.spring.web.plugins.Docket]: Factory method 'createRestAPI' threw exception; nested exception is java.lang.NoClassDefFoundError: org/example/base/util/SwaggerPropertiesUtil
	at org.springframework.beans.BeanUtils.instantiateClass(BeanUtils.java:217)
	at org.springframework.beans.factory.support.SimpleInstantiationStrategy.instantiate(SimpleInstantiationStrategy.java:117)
	at org.springframework.beans.factory.support.ConstructorResolver.instantiate(ConstructorResolver.java:310)
	... 25 common frames omitted
Caused by: org.springframework.beans.factory.BeanCreationException: Error creating bean with name 'createRestAPI' defined in class path resource [org/example/base/configuration/SwaggerConfiguration.class]: Bean instantiation via factory method failed; nested exception is org.springframework.beans.BeanInstantiationException: Failed to instantiate [springfox.documentation.spring.web.plugins.Docket]: Factory method 'createRestAPI' threw exception; nested exception is java.lang.NoClassDefFoundError: org/example/base/util/SwaggerPropertiesUtil
	at org.springframework.beans.factory.support.ConstructorResolver.instantiate(ConstructorResolver.java:657)
	at org.springframework.beans.factory.support.ConstructorResolver.instantiateUsingFactoryMethod(ConstructorResolver.java:485)
	at org.springframework.beans.factory.support.AbstractAutowireCapableBeanFactory.instantiateUsingFactoryMethod(AbstractAutowireCapableBeanFactory.java:1341)
	at org.springframework.beans.factory.support.AbstractAutowireCapableBeanFactory.createBeanInstance(AbstractAutowireCapableBeanFactory.java:1181)
	at org.springframework.beans.factory.support.AbstractAutowireCapableBeanFactory.doCreateBean(AbstractAutowireCapableBeanFactory.java:556)
	at org.springframework.beans.factory.support.AbstractAutowireCapableBeanFactory.createBean(AbstractAutowireCapableBeanFactory.java:516)
	at org.springframework.beans.factory.support.AbstractBeanFactory.lambda$doGetBean$0(AbstractBeanFactory.java:324)
	at org.springframework.beans.factory.support.DefaultSingletonBeanRegistry.getSingleton(DefaultSingletonBeanRegistry.java:234)
	at org.springframework.beans.factory.support.AbstractBeanFactory.doGetBean(AbstractBeanFactory.java:322)
	at org.springframework.beans.factory.support.AbstractBeanFactory.getBean(AbstractBeanFactory.java:202)
	at org.springframework.context.support.AbstractApplicationContext.getBean(AbstractApplicationContext.java:1109)
	at org.springframework.plugin.core.support.AbstractTypeAwareSupport$BeansOfTypeTargetSource.lambda$getBeansOfTypeExcept$1(AbstractTypeAwareSupport.java:224)
	at java.util.stream.ReferencePipeline$3$1.accept(ReferencePipeline.java:193)
	at java.util.stream.ReferencePipeline$2$1.accept(ReferencePipeline.java:175)
	at java.util.Spliterators$ArraySpliterator.forEachRemaining(Spliterators.java:948)
	at java.util.stream.AbstractPipeline.copyInto(AbstractPipeline.java:482)
	at java.util.stream.AbstractPipeline.wrapAndCopyInto(AbstractPipeline.java:472)
	at java.util.stream.ReduceOps$ReduceOp.evaluateSequential(ReduceOps.java:708)
	at java.util.stream.AbstractPipeline.evaluate(AbstractPipeline.java:234)
	at java.util.stream.ReferencePipeline.collect(ReferencePipeline.java:499)
	at org.springframework.plugin.core.support.AbstractTypeAwareSupport$BeansOfTypeTargetSource.getBeansOfTypeExcept(AbstractTypeAwareSupport.java:225)
	at org.springframework.plugin.core.support.AbstractTypeAwareSupport$BeansOfTypeTargetSource.getTarget(AbstractTypeAwareSupport.java:204)
	at org.springframework.aop.framework.JdkDynamicAopProxy.invoke(JdkDynamicAopProxy.java:192)
	at com.sun.proxy.$Proxy126.stream(Unknown Source)
	at org.springframework.plugin.core.PluginRegistrySupport.initialize(PluginRegistrySupport.java:78)
	at org.springframework.plugin.core.OrderAwarePluginRegistry.initialize(OrderAwarePluginRegistry.java:216)
	at org.springframework.plugin.core.PluginRegistrySupport.getPlugins(PluginRegistrySupport.java:60)
	at org.springframework.plugin.core.SimplePluginRegistry.getPlugins(SimplePluginRegistry.java:100)
	at springfox.documentation.spring.web.plugins.DocumentationPluginsManager.documentationPlugins(DocumentationPluginsManager.java:105)
	at springfox.documentation.swagger.web.InMemorySwaggerResourcesProvider.<init>(InMemorySwaggerResourcesProvider.java:62)
	at sun.reflect.NativeConstructorAccessorImpl.newInstance0(Native Method)
	at sun.reflect.NativeConstructorAccessorImpl.newInstance(NativeConstructorAccessorImpl.java:62)
	at sun.reflect.DelegatingConstructorAccessorImpl.newInstance(DelegatingConstructorAccessorImpl.java:45)
	at java.lang.reflect.Constructor.newInstance(Constructor.java:423)
	at org.springframework.beans.BeanUtils.instantiateClass(BeanUtils.java:204)
	... 27 common frames omitted
Caused by: org.springframework.beans.BeanInstantiationException: Failed to instantiate [springfox.documentation.spring.web.plugins.Docket]: Factory method 'createRestAPI' threw exception; nested exception is java.lang.NoClassDefFoundError: org/example/base/util/SwaggerPropertiesUtil
	at org.springframework.beans.factory.support.SimpleInstantiationStrategy.instantiate(SimpleInstantiationStrategy.java:185)
	at org.springframework.beans.factory.support.ConstructorResolver.instantiate(ConstructorResolver.java:652)
	... 61 common frames omitted
Caused by: java.lang.NoClassDefFoundError: org/example/base/util/SwaggerPropertiesUtil
	at org.example.base.configuration.SwaggerConfiguration.apiInfo(SwaggerConfiguration.java:44)
	at org.example.base.configuration.SwaggerConfiguration.createRestAPI(SwaggerConfiguration.java:26)
	at org.example.base.configuration.SwaggerConfiguration$$EnhancerBySpringCGLIB$$5a97a22d.CGLIB$createRestAPI$0(<generated>)
	at org.example.base.configuration.SwaggerConfiguration$$EnhancerBySpringCGLIB$$5a97a22d$$FastClassBySpringCGLIB$$f950f053.invoke(<generated>)
	at org.springframework.cglib.proxy.MethodProxy.invokeSuper(MethodProxy.java:244)
	at org.springframework.context.annotation.ConfigurationClassEnhancer$BeanMethodInterceptor.intercept(ConfigurationClassEnhancer.java:331)
	at org.example.base.configuration.SwaggerConfiguration$$EnhancerBySpringCGLIB$$5a97a22d.createRestAPI(<generated>)
	at sun.reflect.NativeMethodAccessorImpl.invoke0(Native Method)
	at sun.reflect.NativeMethodAccessorImpl.invoke(NativeMethodAccessorImpl.java:62)
	at sun.reflect.DelegatingMethodAccessorImpl.invoke(DelegatingMethodAccessorImpl.java:43)
	at java.lang.reflect.Method.invoke(Method.java:498)
	at org.springframework.beans.factory.support.SimpleInstantiationStrategy.instantiate(SimpleInstantiationStrategy.java:154)
	... 62 common frames omitted
Caused by: java.lang.ClassNotFoundException: org.example.base.util.SwaggerPropertiesUtil
	at java.net.URLClassLoader.findClass(URLClassLoader.java:382)
	at java.lang.ClassLoader.loadClass(ClassLoader.java:418)
	at sun.misc.Launcher$AppClassLoader.loadClass(Launcher.java:355)
	at java.lang.ClassLoader.loadClass(ClassLoader.java:351)
	at java.lang.Class.forName0(Native Method)
	at java.lang.Class.forName(Class.java:348)
	at org.springframework.boot.devtools.restart.classloader.RestartClassLoader.loadClass(RestartClassLoader.java:144)
	at java.lang.ClassLoader.loadClass(ClassLoader.java:351)
	... 74 common frames omitted
2021-12-16 11:28:41.678 INFO  2764 --- [restartedMain] org.example.SystemApplicationStarter - Starting SystemApplicationStarter on wobenwangzhe with PID 2764 (F:\ideaspace\addrook-backend\target\classes started by 王晗 in F:\ideaspace\addrook-backend)
2021-12-16 11:28:41.678 INFO  2764 --- [restartedMain] org.example.SystemApplicationStarter - The following profiles are active: mybatisplus
2021-12-16 11:28:42.049 INFO  2764 --- [restartedMain] o.s.d.r.config.RepositoryConfigurationDelegate - Multiple Spring Data modules found, entering strict repository configuration mode!
2021-12-16 11:28:42.049 INFO  2764 --- [restartedMain] o.s.d.r.config.RepositoryConfigurationDelegate - Bootstrapping Spring Data Redis repositories in DEFAULT mode.
2021-12-16 11:28:42.062 INFO  2764 --- [restartedMain] o.s.d.r.config.RepositoryConfigurationDelegate - Finished Spring Data repository scanning in 12ms. Found 0 Redis repository interfaces.
2021-12-16 11:28:42.205 INFO  2764 --- [restartedMain] o.s.boot.web.embedded.tomcat.TomcatWebServer - Tomcat initialized with port(s): 80 (http)
2021-12-16 11:28:42.206 INFO  2764 --- [restartedMain] org.apache.coyote.http11.Http11NioProtocol - Initializing ProtocolHandler ["http-nio-80"]
2021-12-16 11:28:42.206 INFO  2764 --- [restartedMain] org.apache.catalina.core.StandardService - Starting service [Tomcat]
2021-12-16 11:28:42.206 INFO  2764 --- [restartedMain] org.apache.catalina.core.StandardEngine - Starting Servlet engine: [Apache Tomcat/9.0.46]
2021-12-16 11:28:42.234 INFO  2764 --- [restartedMain] o.a.c.c.ContainerBase.[Tomcat-1].[localhost].[/] - Initializing Spring embedded WebApplicationContext
2021-12-16 11:28:42.234 INFO  2764 --- [restartedMain] o.s.b.w.s.c.ServletWebServerApplicationContext - Root WebApplicationContext: initialization completed in 553 ms
2021-12-16 11:28:42.363 INFO  2764 --- [restartedMain] o.s.scheduling.concurrent.ThreadPoolTaskExecutor - Initializing ExecutorService 'applicationTaskExecutor'
2021-12-16 11:28:42.370 INFO  2764 --- [restartedMain] o.s.b.d.autoconfigure.OptionalLiveReloadServer - LiveReload server is running on port 35729
2021-12-16 11:28:42.393 INFO  2764 --- [restartedMain] c.a.d.s.b.a.DruidDataSourceAutoConfigure - Init DruidDataSource
2021-12-16 11:28:42.432 INFO  2764 --- [restartedMain] com.alibaba.druid.pool.DruidDataSource - {dataSource-3} inited
2021-12-16 11:28:42.713 INFO  2764 --- [restartedMain] org.apache.coyote.http11.Http11NioProtocol - Starting ProtocolHandler ["http-nio-80"]
2021-12-16 11:28:42.718 INFO  2764 --- [restartedMain] o.s.boot.web.embedded.tomcat.TomcatWebServer - Tomcat started on port(s): 80 (http) with context path ''
2021-12-16 11:28:42.776 INFO  2764 --- [restartedMain] org.example.SystemApplicationStarter - Started SystemApplicationStarter in 1.135 seconds (JVM running for 767.833)
2021-12-16 11:28:42.778 INFO  2764 --- [restartedMain] o.s.b.d.a.ConditionEvaluationDeltaLoggingListener - Condition evaluation unchanged
2021-12-16 11:29:14.585 INFO  2764 --- [http-nio-80-exec-1] o.a.c.c.ContainerBase.[Tomcat-1].[localhost].[/] - Initializing Spring DispatcherServlet 'dispatcherServlet'
2021-12-16 11:29:14.587 INFO  2764 --- [http-nio-80-exec-1] org.springframework.web.servlet.DispatcherServlet - Initializing Servlet 'dispatcherServlet'
2021-12-16 11:29:14.592 INFO  2764 --- [http-nio-80-exec-1] org.springframework.web.servlet.DispatcherServlet - Completed initialization in 5 ms
2021-12-16 11:29:24.622 INFO  2764 --- [SpringContextShutdownHook] com.alibaba.druid.pool.DruidDataSource - {dataSource-3} closing ...
2021-12-16 11:29:24.623 INFO  2764 --- [SpringContextShutdownHook] com.alibaba.druid.pool.DruidDataSource - {dataSource-3} closed
2021-12-16 11:29:24.624 INFO  2764 --- [SpringContextShutdownHook] o.s.scheduling.concurrent.ThreadPoolTaskExecutor - Shutting down ExecutorService 'applicationTaskExecutor'
2021-12-16 11:29:27.362 INFO  10768 --- [background-preinit] org.hibernate.validator.internal.util.Version - HV000001: Hibernate Validator 6.1.7.Final
2021-12-16 11:29:27.386 INFO  10768 --- [restartedMain] org.example.SystemApplicationStarter - Starting SystemApplicationStarter on wobenwangzhe with PID 10768 (F:\ideaspace\addrook-backend\target\classes started by 王晗 in F:\ideaspace\addrook-backend)
2021-12-16 11:29:27.386 INFO  10768 --- [restartedMain] org.example.SystemApplicationStarter - The following profiles are active: mybatisplus
2021-12-16 11:29:27.419 INFO  10768 --- [restartedMain] o.s.b.d.env.DevToolsPropertyDefaultsPostProcessor - Devtools property defaults active! Set 'spring.devtools.add-properties' to 'false' to disable
2021-12-16 11:29:27.420 INFO  10768 --- [restartedMain] o.s.b.d.env.DevToolsPropertyDefaultsPostProcessor - For additional web related logging consider setting the 'logging.level.web' property to 'DEBUG'
2021-12-16 11:29:28.062 INFO  10768 --- [restartedMain] o.s.d.r.config.RepositoryConfigurationDelegate - Multiple Spring Data modules found, entering strict repository configuration mode!
2021-12-16 11:29:28.064 INFO  10768 --- [restartedMain] o.s.d.r.config.RepositoryConfigurationDelegate - Bootstrapping Spring Data Redis repositories in DEFAULT mode.
2021-12-16 11:29:28.082 INFO  10768 --- [restartedMain] o.s.d.r.config.RepositoryConfigurationDelegate - Finished Spring Data repository scanning in 11ms. Found 0 Redis repository interfaces.
2021-12-16 11:29:28.177 WARN  10768 --- [restartedMain] org.mybatis.spring.mapper.ClassPathMapperScanner - Skipping MapperFactoryBean with name 'userDao' and 'org.example.addrook.dao.UserDao' mapperInterface. Bean already defined with the same name!
2021-12-16 11:29:28.177 WARN  10768 --- [restartedMain] org.mybatis.spring.mapper.ClassPathMapperScanner - No MyBatis mapper was found in '[org.example.addrook.dao]' package. Please check your configuration.
2021-12-16 11:29:28.512 INFO  10768 --- [restartedMain] o.s.boot.web.embedded.tomcat.TomcatWebServer - Tomcat initialized with port(s): 80 (http)
2021-12-16 11:29:28.518 INFO  10768 --- [restartedMain] org.apache.coyote.http11.Http11NioProtocol - Initializing ProtocolHandler ["http-nio-80"]
2021-12-16 11:29:28.518 INFO  10768 --- [restartedMain] org.apache.catalina.core.StandardService - Starting service [Tomcat]
2021-12-16 11:29:28.518 INFO  10768 --- [restartedMain] org.apache.catalina.core.StandardEngine - Starting Servlet engine: [Apache Tomcat/9.0.46]
2021-12-16 11:29:28.624 INFO  10768 --- [restartedMain] o.a.c.core.ContainerBase.[Tomcat].[localhost].[/] - Initializing Spring embedded WebApplicationContext
2021-12-16 11:29:28.624 INFO  10768 --- [restartedMain] o.s.b.w.s.c.ServletWebServerApplicationContext - Root WebApplicationContext: initialization completed in 1204 ms
2021-12-16 11:29:28.696 INFO  10768 --- [restartedMain] c.a.d.s.b.a.DruidDataSourceAutoConfigure - Init DruidDataSource
2021-12-16 11:29:28.853 INFO  10768 --- [restartedMain] com.alibaba.druid.pool.DruidDataSource - {dataSource-1} inited
2021-12-16 11:29:29.686 INFO  10768 --- [restartedMain] o.s.scheduling.concurrent.ThreadPoolTaskExecutor - Initializing ExecutorService 'applicationTaskExecutor'
2021-12-16 11:29:29.709 INFO  10768 --- [restartedMain] o.s.b.d.autoconfigure.OptionalLiveReloadServer - LiveReload server is running on port 35729
2021-12-16 11:29:29.863 INFO  10768 --- [restartedMain] org.apache.coyote.http11.Http11NioProtocol - Starting ProtocolHandler ["http-nio-80"]
2021-12-16 11:29:29.878 INFO  10768 --- [restartedMain] o.s.boot.web.embedded.tomcat.TomcatWebServer - Tomcat started on port(s): 80 (http) with context path ''
2021-12-16 11:29:30.030 INFO  10768 --- [restartedMain] org.example.SystemApplicationStarter - Started SystemApplicationStarter in 2.981 seconds (JVM running for 3.731)
2021-12-16 11:29:35.808 INFO  10768 --- [http-nio-80-exec-1] o.a.c.core.ContainerBase.[Tomcat].[localhost].[/] - Initializing Spring DispatcherServlet 'dispatcherServlet'
2021-12-16 11:29:35.808 INFO  10768 --- [http-nio-80-exec-1] org.springframework.web.servlet.DispatcherServlet - Initializing Servlet 'dispatcherServlet'
2021-12-16 11:29:35.812 INFO  10768 --- [http-nio-80-exec-1] org.springframework.web.servlet.DispatcherServlet - Completed initialization in 4 ms
2021-12-16 11:31:11.915 INFO  10768 --- [Thread-9] o.s.scheduling.concurrent.ThreadPoolTaskExecutor - Shutting down ExecutorService 'applicationTaskExecutor'
2021-12-16 11:31:11.928 INFO  10768 --- [Thread-9] com.alibaba.druid.pool.DruidDataSource - {dataSource-1} closing ...
2021-12-16 11:31:11.930 INFO  10768 --- [Thread-9] com.alibaba.druid.pool.DruidDataSource - {dataSource-1} closed
2021-12-16 11:31:12.117 INFO  10768 --- [restartedMain] org.example.SystemApplicationStarter - Starting SystemApplicationStarter on wobenwangzhe with PID 10768 (F:\ideaspace\addrook-backend\target\classes started by 王晗 in F:\ideaspace\addrook-backend)
2021-12-16 11:31:12.117 INFO  10768 --- [restartedMain] org.example.SystemApplicationStarter - The following profiles are active: mybatisplus
2021-12-16 11:31:12.403 INFO  10768 --- [restartedMain] o.s.d.r.config.RepositoryConfigurationDelegate - Multiple Spring Data modules found, entering strict repository configuration mode!
2021-12-16 11:31:12.403 INFO  10768 --- [restartedMain] o.s.d.r.config.RepositoryConfigurationDelegate - Bootstrapping Spring Data Redis repositories in DEFAULT mode.
2021-12-16 11:31:12.407 INFO  10768 --- [restartedMain] o.s.d.r.config.RepositoryConfigurationDelegate - Finished Spring Data repository scanning in 4ms. Found 0 Redis repository interfaces.
2021-12-16 11:31:12.429 WARN  10768 --- [restartedMain] org.mybatis.spring.mapper.ClassPathMapperScanner - Skipping MapperFactoryBean with name 'userDao' and 'org.example.addrook.dao.UserDao' mapperInterface. Bean already defined with the same name!
2021-12-16 11:31:12.430 WARN  10768 --- [restartedMain] org.mybatis.spring.mapper.ClassPathMapperScanner - No MyBatis mapper was found in '[org.example.addrook.dao]' package. Please check your configuration.
2021-12-16 11:31:12.498 INFO  10768 --- [restartedMain] o.s.boot.web.embedded.tomcat.TomcatWebServer - Tomcat initialized with port(s): 80 (http)
2021-12-16 11:31:12.499 INFO  10768 --- [restartedMain] org.apache.coyote.http11.Http11NioProtocol - Initializing ProtocolHandler ["http-nio-80"]
2021-12-16 11:31:12.499 INFO  10768 --- [restartedMain] org.apache.catalina.core.StandardService - Starting service [Tomcat]
2021-12-16 11:31:12.499 INFO  10768 --- [restartedMain] org.apache.catalina.core.StandardEngine - Starting Servlet engine: [Apache Tomcat/9.0.46]
2021-12-16 11:31:12.518 INFO  10768 --- [restartedMain] o.a.c.core.ContainerBase.[Tomcat].[localhost].[/] - Initializing Spring embedded WebApplicationContext
2021-12-16 11:31:12.519 INFO  10768 --- [restartedMain] o.s.b.w.s.c.ServletWebServerApplicationContext - Root WebApplicationContext: initialization completed in 400 ms
2021-12-16 11:31:12.545 INFO  10768 --- [restartedMain] c.a.d.s.b.a.DruidDataSourceAutoConfigure - Init DruidDataSource
2021-12-16 11:31:12.581 INFO  10768 --- [restartedMain] com.alibaba.druid.pool.DruidDataSource - {dataSource-2} inited
2021-12-16 11:31:12.842 INFO  10768 --- [restartedMain] o.s.scheduling.concurrent.ThreadPoolTaskExecutor - Initializing ExecutorService 'applicationTaskExecutor'
2021-12-16 11:31:12.847 INFO  10768 --- [restartedMain] o.s.b.d.autoconfigure.OptionalLiveReloadServer - LiveReload server is running on port 35729
2021-12-16 11:31:12.904 INFO  10768 --- [restartedMain] org.apache.coyote.http11.Http11NioProtocol - Starting ProtocolHandler ["http-nio-80"]
2021-12-16 11:31:12.907 INFO  10768 --- [restartedMain] o.s.boot.web.embedded.tomcat.TomcatWebServer - Tomcat started on port(s): 80 (http) with context path ''
2021-12-16 11:31:12.947 INFO  10768 --- [restartedMain] org.example.SystemApplicationStarter - Started SystemApplicationStarter in 0.864 seconds (JVM running for 106.648)
2021-12-16 11:31:12.949 INFO  10768 --- [restartedMain] o.s.b.d.a.ConditionEvaluationDeltaLoggingListener - Condition evaluation unchanged
2021-12-16 11:31:18.567 INFO  10768 --- [http-nio-80-exec-2] o.a.c.core.ContainerBase.[Tomcat].[localhost].[/] - Initializing Spring DispatcherServlet 'dispatcherServlet'
2021-12-16 11:31:18.567 INFO  10768 --- [http-nio-80-exec-2] org.springframework.web.servlet.DispatcherServlet - Initializing Servlet 'dispatcherServlet'
2021-12-16 11:31:18.574 INFO  10768 --- [http-nio-80-exec-2] org.springframework.web.servlet.DispatcherServlet - Completed initialization in 6 ms
2021-12-16 11:32:00.370 INFO  10768 --- [Thread-18] o.s.scheduling.concurrent.ThreadPoolTaskExecutor - Shutting down ExecutorService 'applicationTaskExecutor'
2021-12-16 11:32:00.372 INFO  10768 --- [Thread-18] com.alibaba.druid.pool.DruidDataSource - {dataSource-2} closing ...
2021-12-16 11:32:00.374 INFO  10768 --- [Thread-18] com.alibaba.druid.pool.DruidDataSource - {dataSource-2} closed
2021-12-16 11:32:00.549 INFO  10768 --- [restartedMain] org.example.SystemApplicationStarter - Starting SystemApplicationStarter on wobenwangzhe with PID 10768 (F:\ideaspace\addrook-backend\target\classes started by 王晗 in F:\ideaspace\addrook-backend)
2021-12-16 11:32:00.550 INFO  10768 --- [restartedMain] org.example.SystemApplicationStarter - The following profiles are active: mybatisplus
2021-12-16 11:32:00.810 INFO  10768 --- [restartedMain] o.s.d.r.config.RepositoryConfigurationDelegate - Multiple Spring Data modules found, entering strict repository configuration mode!
2021-12-16 11:32:00.810 INFO  10768 --- [restartedMain] o.s.d.r.config.RepositoryConfigurationDelegate - Bootstrapping Spring Data Redis repositories in DEFAULT mode.
2021-12-16 11:32:00.815 INFO  10768 --- [restartedMain] o.s.d.r.config.RepositoryConfigurationDelegate - Finished Spring Data repository scanning in 4ms. Found 0 Redis repository interfaces.
2021-12-16 11:32:00.844 WARN  10768 --- [restartedMain] org.mybatis.spring.mapper.ClassPathMapperScanner - Skipping MapperFactoryBean with name 'userDao' and 'org.example.addrook.dao.UserDao' mapperInterface. Bean already defined with the same name!
2021-12-16 11:32:00.845 WARN  10768 --- [restartedMain] org.mybatis.spring.mapper.ClassPathMapperScanner - No MyBatis mapper was found in '[org.example.addrook.dao]' package. Please check your configuration.
2021-12-16 11:32:00.921 INFO  10768 --- [restartedMain] o.s.boot.web.embedded.tomcat.TomcatWebServer - Tomcat initialized with port(s): 80 (http)
2021-12-16 11:32:00.922 INFO  10768 --- [restartedMain] org.apache.coyote.http11.Http11NioProtocol - Initializing ProtocolHandler ["http-nio-80"]
2021-12-16 11:32:00.922 INFO  10768 --- [restartedMain] org.apache.catalina.core.StandardService - Starting service [Tomcat]
2021-12-16 11:32:00.922 INFO  10768 --- [restartedMain] org.apache.catalina.core.StandardEngine - Starting Servlet engine: [Apache Tomcat/9.0.46]
2021-12-16 11:32:00.942 INFO  10768 --- [restartedMain] o.a.c.core.ContainerBase.[Tomcat].[localhost].[/] - Initializing Spring embedded WebApplicationContext
2021-12-16 11:32:00.942 INFO  10768 --- [restartedMain] o.s.b.w.s.c.ServletWebServerApplicationContext - Root WebApplicationContext: initialization completed in 390 ms
2021-12-16 11:32:00.967 INFO  10768 --- [restartedMain] c.a.d.s.b.a.DruidDataSourceAutoConfigure - Init DruidDataSource
2021-12-16 11:32:01.004 INFO  10768 --- [restartedMain] com.alibaba.druid.pool.DruidDataSource - {dataSource-3} inited
2021-12-16 11:32:01.285 INFO  10768 --- [restartedMain] o.s.scheduling.concurrent.ThreadPoolTaskExecutor - Initializing ExecutorService 'applicationTaskExecutor'
2021-12-16 11:32:01.290 INFO  10768 --- [restartedMain] o.s.b.d.autoconfigure.OptionalLiveReloadServer - LiveReload server is running on port 35729
2021-12-16 11:32:01.343 INFO  10768 --- [restartedMain] org.apache.coyote.http11.Http11NioProtocol - Starting ProtocolHandler ["http-nio-80"]
2021-12-16 11:32:01.347 INFO  10768 --- [restartedMain] o.s.boot.web.embedded.tomcat.TomcatWebServer - Tomcat started on port(s): 80 (http) with context path ''
2021-12-16 11:32:01.381 INFO  10768 --- [restartedMain] org.example.SystemApplicationStarter - Started SystemApplicationStarter in 0.858 seconds (JVM running for 155.082)
2021-12-16 11:32:01.382 INFO  10768 --- [restartedMain] o.s.b.d.a.ConditionEvaluationDeltaLoggingListener - Condition evaluation unchanged
2021-12-16 11:32:11.549 INFO  10768 --- [http-nio-80-exec-3] o.a.c.core.ContainerBase.[Tomcat].[localhost].[/] - Initializing Spring DispatcherServlet 'dispatcherServlet'
2021-12-16 11:32:11.549 INFO  10768 --- [http-nio-80-exec-3] org.springframework.web.servlet.DispatcherServlet - Initializing Servlet 'dispatcherServlet'
2021-12-16 11:32:11.554 INFO  10768 --- [http-nio-80-exec-3] org.springframework.web.servlet.DispatcherServlet - Completed initialization in 5 ms
2021-12-16 11:59:21.247 INFO  10768 --- [SpringContextShutdownHook] o.s.scheduling.concurrent.ThreadPoolTaskExecutor - Shutting down ExecutorService 'applicationTaskExecutor'
2021-12-16 11:59:21.250 INFO  10768 --- [SpringContextShutdownHook] com.alibaba.druid.pool.DruidDataSource - {dataSource-3} closing ...
2021-12-16 11:59:21.250 INFO  10768 --- [SpringContextShutdownHook] com.alibaba.druid.pool.DruidDataSource - {dataSource-3} closed
2021-12-16 11:59:58.280 INFO  10936 --- [background-preinit] org.hibernate.validator.internal.util.Version - HV000001: Hibernate Validator 6.1.7.Final
2021-12-16 11:59:58.319 INFO  10936 --- [restartedMain] org.example.SystemApplicationStarter - Starting SystemApplicationStarter on wobenwangzhe with PID 10936 (F:\ideaspace\addrook-backend\target\classes started by 王晗 in F:\ideaspace\addrook-backend)
2021-12-16 11:59:58.320 INFO  10936 --- [restartedMain] org.example.SystemApplicationStarter - The following profiles are active: mybatisplus
2021-12-16 11:59:58.373 INFO  10936 --- [restartedMain] o.s.b.d.env.DevToolsPropertyDefaultsPostProcessor - Devtools property defaults active! Set 'spring.devtools.add-properties' to 'false' to disable
2021-12-16 11:59:58.373 INFO  10936 --- [restartedMain] o.s.b.d.env.DevToolsPropertyDefaultsPostProcessor - For additional web related logging consider setting the 'logging.level.web' property to 'DEBUG'
2021-12-16 11:59:59.089 INFO  10936 --- [restartedMain] o.s.d.r.config.RepositoryConfigurationDelegate - Multiple Spring Data modules found, entering strict repository configuration mode!
2021-12-16 11:59:59.091 INFO  10936 --- [restartedMain] o.s.d.r.config.RepositoryConfigurationDelegate - Bootstrapping Spring Data Redis repositories in DEFAULT mode.
2021-12-16 11:59:59.113 INFO  10936 --- [restartedMain] o.s.d.r.config.RepositoryConfigurationDelegate - Finished Spring Data repository scanning in 13ms. Found 0 Redis repository interfaces.
2021-12-16 11:59:59.228 WARN  10936 --- [restartedMain] org.mybatis.spring.mapper.ClassPathMapperScanner - Skipping MapperFactoryBean with name 'userDao' and 'org.example.addrook.dao.UserDao' mapperInterface. Bean already defined with the same name!
2021-12-16 11:59:59.228 WARN  10936 --- [restartedMain] org.mybatis.spring.mapper.ClassPathMapperScanner - No MyBatis mapper was found in '[org.example.addrook.dao]' package. Please check your configuration.
2021-12-16 11:59:59.566 INFO  10936 --- [restartedMain] o.s.boot.web.embedded.tomcat.TomcatWebServer - Tomcat initialized with port(s): 80 (http)
2021-12-16 11:59:59.574 INFO  10936 --- [restartedMain] org.apache.coyote.http11.Http11NioProtocol - Initializing ProtocolHandler ["http-nio-80"]
2021-12-16 11:59:59.574 INFO  10936 --- [restartedMain] org.apache.catalina.core.StandardService - Starting service [Tomcat]
2021-12-16 11:59:59.574 INFO  10936 --- [restartedMain] org.apache.catalina.core.StandardEngine - Starting Servlet engine: [Apache Tomcat/9.0.46]
2021-12-16 11:59:59.718 INFO  10936 --- [restartedMain] o.a.c.core.ContainerBase.[Tomcat].[localhost].[/] - Initializing Spring embedded WebApplicationContext
2021-12-16 11:59:59.718 INFO  10936 --- [restartedMain] o.s.b.w.s.c.ServletWebServerApplicationContext - Root WebApplicationContext: initialization completed in 1345 ms
2021-12-16 11:59:59.855 INFO  10936 --- [restartedMain] c.a.d.s.b.a.DruidDataSourceAutoConfigure - Init DruidDataSource
2021-12-16 12:00:00.159 INFO  10936 --- [restartedMain] com.alibaba.druid.pool.DruidDataSource - {dataSource-1} inited
2021-12-16 12:00:01.193 INFO  10936 --- [restartedMain] o.s.scheduling.concurrent.ThreadPoolTaskExecutor - Initializing ExecutorService 'applicationTaskExecutor'
2021-12-16 12:00:01.216 INFO  10936 --- [restartedMain] o.s.b.d.autoconfigure.OptionalLiveReloadServer - LiveReload server is running on port 35729
2021-12-16 12:00:01.394 INFO  10936 --- [restartedMain] org.apache.coyote.http11.Http11NioProtocol - Starting ProtocolHandler ["http-nio-80"]
2021-12-16 12:00:01.412 INFO  10936 --- [restartedMain] o.s.boot.web.embedded.tomcat.TomcatWebServer - Tomcat started on port(s): 80 (http) with context path ''
2021-12-16 12:00:01.594 INFO  10936 --- [restartedMain] org.example.SystemApplicationStarter - Started SystemApplicationStarter in 3.758 seconds (JVM running for 4.549)
2021-12-16 12:00:11.479 INFO  10936 --- [http-nio-80-exec-1] o.a.c.core.ContainerBase.[Tomcat].[localhost].[/] - Initializing Spring DispatcherServlet 'dispatcherServlet'
2021-12-16 12:00:11.479 INFO  10936 --- [http-nio-80-exec-1] org.springframework.web.servlet.DispatcherServlet - Initializing Servlet 'dispatcherServlet'
2021-12-16 12:00:11.484 INFO  10936 --- [http-nio-80-exec-1] org.springframework.web.servlet.DispatcherServlet - Completed initialization in 5 ms
2021-12-16 12:00:30.765 INFO  10936 --- [SpringContextShutdownHook] o.s.scheduling.concurrent.ThreadPoolTaskExecutor - Shutting down ExecutorService 'applicationTaskExecutor'
2021-12-16 12:00:30.779 INFO  10936 --- [SpringContextShutdownHook] com.alibaba.druid.pool.DruidDataSource - {dataSource-1} closing ...
2021-12-16 12:00:30.783 INFO  10936 --- [SpringContextShutdownHook] com.alibaba.druid.pool.DruidDataSource - {dataSource-1} closed
2021-12-16 12:00:56.457 INFO  17228 --- [background-preinit] org.hibernate.validator.internal.util.Version - HV000001: Hibernate Validator 6.1.7.Final
2021-12-16 12:00:56.502 INFO  17228 --- [restartedMain] org.example.SystemApplicationStarter - Starting SystemApplicationStarter on wobenwangzhe with PID 17228 (F:\ideaspace\addrook-backend\target\classes started by 王晗 in F:\ideaspace\addrook-backend)
2021-12-16 12:00:56.502 INFO  17228 --- [restartedMain] org.example.SystemApplicationStarter - The following profiles are active: mybatisplus
2021-12-16 12:00:56.557 INFO  17228 --- [restartedMain] o.s.b.d.env.DevToolsPropertyDefaultsPostProcessor - Devtools property defaults active! Set 'spring.devtools.add-properties' to 'false' to disable
2021-12-16 12:00:56.557 INFO  17228 --- [restartedMain] o.s.b.d.env.DevToolsPropertyDefaultsPostProcessor - For additional web related logging consider setting the 'logging.level.web' property to 'DEBUG'
2021-12-16 12:00:57.232 INFO  17228 --- [restartedMain] o.s.d.r.config.RepositoryConfigurationDelegate - Multiple Spring Data modules found, entering strict repository configuration mode!
2021-12-16 12:00:57.234 INFO  17228 --- [restartedMain] o.s.d.r.config.RepositoryConfigurationDelegate - Bootstrapping Spring Data Redis repositories in DEFAULT mode.
2021-12-16 12:00:57.255 INFO  17228 --- [restartedMain] o.s.d.r.config.RepositoryConfigurationDelegate - Finished Spring Data repository scanning in 12ms. Found 0 Redis repository interfaces.
2021-12-16 12:00:57.375 WARN  17228 --- [restartedMain] org.mybatis.spring.mapper.ClassPathMapperScanner - Skipping MapperFactoryBean with name 'userDao' and 'org.example.addrook.dao.UserDao' mapperInterface. Bean already defined with the same name!
2021-12-16 12:00:57.376 WARN  17228 --- [restartedMain] org.mybatis.spring.mapper.ClassPathMapperScanner - No MyBatis mapper was found in '[org.example.addrook.dao]' package. Please check your configuration.
2021-12-16 12:00:57.773 INFO  17228 --- [restartedMain] o.s.boot.web.embedded.tomcat.TomcatWebServer - Tomcat initialized with port(s): 80 (http)
2021-12-16 12:00:57.780 INFO  17228 --- [restartedMain] org.apache.coyote.http11.Http11NioProtocol - Initializing ProtocolHandler ["http-nio-80"]
2021-12-16 12:00:57.780 INFO  17228 --- [restartedMain] org.apache.catalina.core.StandardService - Starting service [Tomcat]
2021-12-16 12:00:57.780 INFO  17228 --- [restartedMain] org.apache.catalina.core.StandardEngine - Starting Servlet engine: [Apache Tomcat/9.0.46]
2021-12-16 12:00:57.898 INFO  17228 --- [restartedMain] o.a.c.core.ContainerBase.[Tomcat].[localhost].[/] - Initializing Spring embedded WebApplicationContext
2021-12-16 12:00:57.898 INFO  17228 --- [restartedMain] o.s.b.w.s.c.ServletWebServerApplicationContext - Root WebApplicationContext: initialization completed in 1340 ms
2021-12-16 12:00:57.985 INFO  17228 --- [restartedMain] c.a.d.s.b.a.DruidDataSourceAutoConfigure - Init DruidDataSource
2021-12-16 12:00:58.169 INFO  17228 --- [restartedMain] com.alibaba.druid.pool.DruidDataSource - {dataSource-1} inited
2021-12-16 12:00:59.113 INFO  17228 --- [restartedMain] o.s.scheduling.concurrent.ThreadPoolTaskExecutor - Initializing ExecutorService 'applicationTaskExecutor'
2021-12-16 12:00:59.138 INFO  17228 --- [restartedMain] o.s.b.d.autoconfigure.OptionalLiveReloadServer - LiveReload server is running on port 35729
2021-12-16 12:00:59.314 INFO  17228 --- [restartedMain] org.apache.coyote.http11.Http11NioProtocol - Starting ProtocolHandler ["http-nio-80"]
2021-12-16 12:00:59.334 INFO  17228 --- [restartedMain] o.s.boot.web.embedded.tomcat.TomcatWebServer - Tomcat started on port(s): 80 (http) with context path ''
2021-12-16 12:00:59.525 INFO  17228 --- [restartedMain] org.example.SystemApplicationStarter - Started SystemApplicationStarter in 3.474 seconds (JVM running for 4.271)
2021-12-16 12:01:05.937 INFO  17228 --- [http-nio-80-exec-1] o.a.c.core.ContainerBase.[Tomcat].[localhost].[/] - Initializing Spring DispatcherServlet 'dispatcherServlet'
2021-12-16 12:01:05.937 INFO  17228 --- [http-nio-80-exec-1] org.springframework.web.servlet.DispatcherServlet - Initializing Servlet 'dispatcherServlet'
2021-12-16 12:01:05.941 INFO  17228 --- [http-nio-80-exec-1] org.springframework.web.servlet.DispatcherServlet - Completed initialization in 4 ms
2021-12-16 12:01:48.760 INFO  17228 --- [SpringContextShutdownHook] o.s.scheduling.concurrent.ThreadPoolTaskExecutor - Shutting down ExecutorService 'applicationTaskExecutor'
2021-12-16 12:01:48.775 INFO  17228 --- [SpringContextShutdownHook] com.alibaba.druid.pool.DruidDataSource - {dataSource-1} closing ...
2021-12-16 12:01:48.780 INFO  17228 --- [SpringContextShutdownHook] com.alibaba.druid.pool.DruidDataSource - {dataSource-1} closed
2021-12-16 14:10:58.111 INFO  9652 --- [background-preinit] org.hibernate.validator.internal.util.Version - HV000001: Hibernate Validator 6.1.7.Final
2021-12-16 14:10:58.148 INFO  9652 --- [restartedMain] org.example.SystemApplicationStarter - Starting SystemApplicationStarter on wobenwangzhe with PID 9652 (F:\ideaspace\addrook-backend\target\classes started by 王晗 in F:\ideaspace\addrook-backend)
2021-12-16 14:10:58.148 INFO  9652 --- [restartedMain] org.example.SystemApplicationStarter - The following profiles are active: mybatisplus
2021-12-16 14:10:58.192 INFO  9652 --- [restartedMain] o.s.b.d.env.DevToolsPropertyDefaultsPostProcessor - Devtools property defaults active! Set 'spring.devtools.add-properties' to 'false' to disable
2021-12-16 14:10:58.192 INFO  9652 --- [restartedMain] o.s.b.d.env.DevToolsPropertyDefaultsPostProcessor - For additional web related logging consider setting the 'logging.level.web' property to 'DEBUG'
2021-12-16 14:10:58.886 INFO  9652 --- [restartedMain] o.s.d.r.config.RepositoryConfigurationDelegate - Multiple Spring Data modules found, entering strict repository configuration mode!
2021-12-16 14:10:58.888 INFO  9652 --- [restartedMain] o.s.d.r.config.RepositoryConfigurationDelegate - Bootstrapping Spring Data Redis repositories in DEFAULT mode.
2021-12-16 14:10:58.917 INFO  9652 --- [restartedMain] o.s.d.r.config.RepositoryConfigurationDelegate - Finished Spring Data repository scanning in 14ms. Found 0 Redis repository interfaces.
2021-12-16 14:10:59.053 WARN  9652 --- [restartedMain] org.mybatis.spring.mapper.ClassPathMapperScanner - Skipping MapperFactoryBean with name 'userDao' and 'org.example.addrook.dao.UserDao' mapperInterface. Bean already defined with the same name!
2021-12-16 14:10:59.053 WARN  9652 --- [restartedMain] org.mybatis.spring.mapper.ClassPathMapperScanner - No MyBatis mapper was found in '[org.example.addrook.dao]' package. Please check your configuration.
2021-12-16 14:10:59.453 INFO  9652 --- [restartedMain] o.s.boot.web.embedded.tomcat.TomcatWebServer - Tomcat initialized with port(s): 80 (http)
2021-12-16 14:10:59.462 INFO  9652 --- [restartedMain] org.apache.coyote.http11.Http11NioProtocol - Initializing ProtocolHandler ["http-nio-80"]
2021-12-16 14:10:59.463 INFO  9652 --- [restartedMain] org.apache.catalina.core.StandardService - Starting service [Tomcat]
2021-12-16 14:10:59.463 INFO  9652 --- [restartedMain] org.apache.catalina.core.StandardEngine - Starting Servlet engine: [Apache Tomcat/9.0.46]
2021-12-16 14:10:59.612 INFO  9652 --- [restartedMain] o.a.c.core.ContainerBase.[Tomcat].[localhost].[/] - Initializing Spring embedded WebApplicationContext
2021-12-16 14:10:59.612 INFO  9652 --- [restartedMain] o.s.b.w.s.c.ServletWebServerApplicationContext - Root WebApplicationContext: initialization completed in 1419 ms
2021-12-16 14:10:59.706 INFO  9652 --- [restartedMain] c.a.d.s.b.a.DruidDataSourceAutoConfigure - Init DruidDataSource
2021-12-16 14:10:59.896 INFO  9652 --- [restartedMain] com.alibaba.druid.pool.DruidDataSource - {dataSource-1} inited
2021-12-16 14:11:00.903 INFO  9652 --- [restartedMain] o.s.scheduling.concurrent.ThreadPoolTaskExecutor - Initializing ExecutorService 'applicationTaskExecutor'
2021-12-16 14:11:00.928 INFO  9652 --- [restartedMain] o.s.b.d.autoconfigure.OptionalLiveReloadServer - LiveReload server is running on port 35729
2021-12-16 14:11:01.117 INFO  9652 --- [restartedMain] org.apache.coyote.http11.Http11NioProtocol - Starting ProtocolHandler ["http-nio-80"]
2021-12-16 14:11:01.135 INFO  9652 --- [restartedMain] o.s.boot.web.embedded.tomcat.TomcatWebServer - Tomcat started on port(s): 80 (http) with context path ''
2021-12-16 14:11:01.311 INFO  9652 --- [restartedMain] org.example.SystemApplicationStarter - Started SystemApplicationStarter in 3.653 seconds (JVM running for 5.092)
2021-12-16 14:11:20.397 INFO  9652 --- [http-nio-80-exec-1] o.a.c.core.ContainerBase.[Tomcat].[localhost].[/] - Initializing Spring DispatcherServlet 'dispatcherServlet'
2021-12-16 14:11:20.397 INFO  9652 --- [http-nio-80-exec-1] org.springframework.web.servlet.DispatcherServlet - Initializing Servlet 'dispatcherServlet'
2021-12-16 14:11:20.402 INFO  9652 --- [http-nio-80-exec-1] org.springframework.web.servlet.DispatcherServlet - Completed initialization in 5 ms
2021-12-16 14:12:31.352 INFO  9652 --- [Thread-11] o.s.scheduling.concurrent.ThreadPoolTaskExecutor - Shutting down ExecutorService 'applicationTaskExecutor'
2021-12-16 14:12:31.381 INFO  9652 --- [Thread-11] com.alibaba.druid.pool.DruidDataSource - {dataSource-1} closing ...
2021-12-16 14:12:31.384 INFO  9652 --- [Thread-11] com.alibaba.druid.pool.DruidDataSource - {dataSource-1} closed
2021-12-16 14:12:31.619 INFO  9652 --- [restartedMain] org.example.SystemApplicationStarter - Starting SystemApplicationStarter on wobenwangzhe with PID 9652 (F:\ideaspace\addrook-backend\target\classes started by 王晗 in F:\ideaspace\addrook-backend)
2021-12-16 14:12:31.619 INFO  9652 --- [restartedMain] org.example.SystemApplicationStarter - The following profiles are active: mybatisplus
2021-12-16 14:12:32.342 INFO  9652 --- [restartedMain] o.s.d.r.config.RepositoryConfigurationDelegate - Multiple Spring Data modules found, entering strict repository configuration mode!
2021-12-16 14:12:32.342 INFO  9652 --- [restartedMain] o.s.d.r.config.RepositoryConfigurationDelegate - Bootstrapping Spring Data Redis repositories in DEFAULT mode.
2021-12-16 14:12:32.351 INFO  9652 --- [restartedMain] o.s.d.r.config.RepositoryConfigurationDelegate - Finished Spring Data repository scanning in 8ms. Found 0 Redis repository interfaces.
2021-12-16 14:12:32.387 WARN  9652 --- [restartedMain] org.mybatis.spring.mapper.ClassPathMapperScanner - Skipping MapperFactoryBean with name 'userDao' and 'org.example.addrook.dao.UserDao' mapperInterface. Bean already defined with the same name!
2021-12-16 14:12:32.387 WARN  9652 --- [restartedMain] org.mybatis.spring.mapper.ClassPathMapperScanner - No MyBatis mapper was found in '[org.example.addrook.dao]' package. Please check your configuration.
2021-12-16 14:12:32.477 INFO  9652 --- [restartedMain] o.s.boot.web.embedded.tomcat.TomcatWebServer - Tomcat initialized with port(s): 80 (http)
2021-12-16 14:12:32.478 INFO  9652 --- [restartedMain] org.apache.coyote.http11.Http11NioProtocol - Initializing ProtocolHandler ["http-nio-80"]
2021-12-16 14:12:32.478 INFO  9652 --- [restartedMain] org.apache.catalina.core.StandardService - Starting service [Tomcat]
2021-12-16 14:12:32.478 INFO  9652 --- [restartedMain] org.apache.catalina.core.StandardEngine - Starting Servlet engine: [Apache Tomcat/9.0.46]
2021-12-16 14:12:32.499 INFO  9652 --- [restartedMain] o.a.c.core.ContainerBase.[Tomcat].[localhost].[/] - Initializing Spring embedded WebApplicationContext
2021-12-16 14:12:32.499 INFO  9652 --- [restartedMain] o.s.b.w.s.c.ServletWebServerApplicationContext - Root WebApplicationContext: initialization completed in 876 ms
2021-12-16 14:12:32.527 INFO  9652 --- [restartedMain] c.a.d.s.b.a.DruidDataSourceAutoConfigure - Init DruidDataSource
2021-12-16 14:12:32.570 INFO  9652 --- [restartedMain] com.alibaba.druid.pool.DruidDataSource - {dataSource-2} inited
2021-12-16 14:12:32.897 INFO  9652 --- [restartedMain] o.s.scheduling.concurrent.ThreadPoolTaskExecutor - Initializing ExecutorService 'applicationTaskExecutor'
2021-12-16 14:12:32.905 INFO  9652 --- [restartedMain] o.s.b.d.autoconfigure.OptionalLiveReloadServer - LiveReload server is running on port 35729
2021-12-16 14:12:32.976 INFO  9652 --- [restartedMain] org.apache.coyote.http11.Http11NioProtocol - Starting ProtocolHandler ["http-nio-80"]
2021-12-16 14:12:32.981 INFO  9652 --- [restartedMain] o.s.boot.web.embedded.tomcat.TomcatWebServer - Tomcat started on port(s): 80 (http) with context path ''
2021-12-16 14:12:33.048 INFO  9652 --- [restartedMain] org.example.SystemApplicationStarter - Started SystemApplicationStarter in 1.465 seconds (JVM running for 96.828)
2021-12-16 14:12:33.049 INFO  9652 --- [restartedMain] o.s.b.d.a.ConditionEvaluationDeltaLoggingListener - Condition evaluation unchanged
2021-12-16 14:12:48.558 INFO  9652 --- [http-nio-80-exec-1] o.a.c.core.ContainerBase.[Tomcat].[localhost].[/] - Initializing Spring DispatcherServlet 'dispatcherServlet'
2021-12-16 14:12:48.558 INFO  9652 --- [http-nio-80-exec-1] org.springframework.web.servlet.DispatcherServlet - Initializing Servlet 'dispatcherServlet'
2021-12-16 14:12:48.564 INFO  9652 --- [http-nio-80-exec-1] org.springframework.web.servlet.DispatcherServlet - Completed initialization in 6 ms
2021-12-16 14:13:34.777 INFO  9652 --- [Thread-19] o.s.scheduling.concurrent.ThreadPoolTaskExecutor - Shutting down ExecutorService 'applicationTaskExecutor'
2021-12-16 14:13:34.781 INFO  9652 --- [Thread-19] com.alibaba.druid.pool.DruidDataSource - {dataSource-2} closing ...
2021-12-16 14:13:34.782 INFO  9652 --- [Thread-19] com.alibaba.druid.pool.DruidDataSource - {dataSource-2} closed
2021-12-16 14:13:34.973 INFO  9652 --- [restartedMain] org.example.SystemApplicationStarter - Starting SystemApplicationStarter on wobenwangzhe with PID 9652 (F:\ideaspace\addrook-backend\target\classes started by 王晗 in F:\ideaspace\addrook-backend)
2021-12-16 14:13:34.974 INFO  9652 --- [restartedMain] org.example.SystemApplicationStarter - The following profiles are active: mybatisplus
2021-12-16 14:13:36.061 INFO  9652 --- [restartedMain] o.s.d.r.config.RepositoryConfigurationDelegate - Multiple Spring Data modules found, entering strict repository configuration mode!
2021-12-16 14:13:36.061 INFO  9652 --- [restartedMain] o.s.d.r.config.RepositoryConfigurationDelegate - Bootstrapping Spring Data Redis repositories in DEFAULT mode.
2021-12-16 14:13:36.068 INFO  9652 --- [restartedMain] o.s.d.r.config.RepositoryConfigurationDelegate - Finished Spring Data repository scanning in 6ms. Found 0 Redis repository interfaces.
2021-12-16 14:13:36.100 WARN  9652 --- [restartedMain] org.mybatis.spring.mapper.ClassPathMapperScanner - Skipping MapperFactoryBean with name 'userDao' and 'org.example.addrook.dao.UserDao' mapperInterface. Bean already defined with the same name!
2021-12-16 14:13:36.100 WARN  9652 --- [restartedMain] org.mybatis.spring.mapper.ClassPathMapperScanner - No MyBatis mapper was found in '[org.example.addrook.dao]' package. Please check your configuration.
2021-12-16 14:13:36.197 INFO  9652 --- [restartedMain] o.s.boot.web.embedded.tomcat.TomcatWebServer - Tomcat initialized with port(s): 80 (http)
2021-12-16 14:13:36.198 INFO  9652 --- [restartedMain] org.apache.coyote.http11.Http11NioProtocol - Initializing ProtocolHandler ["http-nio-80"]
2021-12-16 14:13:36.198 INFO  9652 --- [restartedMain] org.apache.catalina.core.StandardService - Starting service [Tomcat]
2021-12-16 14:13:36.198 INFO  9652 --- [restartedMain] org.apache.catalina.core.StandardEngine - Starting Servlet engine: [Apache Tomcat/9.0.46]
2021-12-16 14:13:36.249 INFO  9652 --- [restartedMain] o.a.c.core.ContainerBase.[Tomcat].[localhost].[/] - Initializing Spring embedded WebApplicationContext
2021-12-16 14:13:36.249 INFO  9652 --- [restartedMain] o.s.b.w.s.c.ServletWebServerApplicationContext - Root WebApplicationContext: initialization completed in 1273 ms
2021-12-16 14:13:36.285 INFO  9652 --- [restartedMain] c.a.d.s.b.a.DruidDataSourceAutoConfigure - Init DruidDataSource
2021-12-16 14:13:36.327 INFO  9652 --- [restartedMain] com.alibaba.druid.pool.DruidDataSource - {dataSource-3} inited
2021-12-16 14:13:36.624 INFO  9652 --- [restartedMain] o.s.scheduling.concurrent.ThreadPoolTaskExecutor - Initializing ExecutorService 'applicationTaskExecutor'
2021-12-16 14:13:36.629 INFO  9652 --- [restartedMain] o.s.b.d.autoconfigure.OptionalLiveReloadServer - LiveReload server is running on port 35729
2021-12-16 14:13:36.689 INFO  9652 --- [restartedMain] org.apache.coyote.http11.Http11NioProtocol - Starting ProtocolHandler ["http-nio-80"]
2021-12-16 14:13:36.693 INFO  9652 --- [restartedMain] o.s.boot.web.embedded.tomcat.TomcatWebServer - Tomcat started on port(s): 80 (http) with context path ''
2021-12-16 14:13:36.731 INFO  9652 --- [restartedMain] org.example.SystemApplicationStarter - Started SystemApplicationStarter in 1.788 seconds (JVM running for 160.512)
2021-12-16 14:13:36.732 INFO  9652 --- [restartedMain] o.s.b.d.a.ConditionEvaluationDeltaLoggingListener - Condition evaluation unchanged
2021-12-16 14:13:52.016 INFO  9652 --- [http-nio-80-exec-1] o.a.c.core.ContainerBase.[Tomcat].[localhost].[/] - Initializing Spring DispatcherServlet 'dispatcherServlet'
2021-12-16 14:13:52.017 INFO  9652 --- [http-nio-80-exec-1] org.springframework.web.servlet.DispatcherServlet - Initializing Servlet 'dispatcherServlet'
2021-12-16 14:13:52.023 INFO  9652 --- [http-nio-80-exec-1] org.springframework.web.servlet.DispatcherServlet - Completed initialization in 6 ms
2021-12-16 14:14:32.167 INFO  9652 --- [Thread-24] o.s.scheduling.concurrent.ThreadPoolTaskExecutor - Shutting down ExecutorService 'applicationTaskExecutor'
2021-12-16 14:14:32.170 INFO  9652 --- [Thread-24] com.alibaba.druid.pool.DruidDataSource - {dataSource-3} closing ...
2021-12-16 14:14:32.175 INFO  9652 --- [Thread-24] com.alibaba.druid.pool.DruidDataSource - {dataSource-3} closed
2021-12-16 14:14:32.421 INFO  9652 --- [restartedMain] org.example.SystemApplicationStarter - Starting SystemApplicationStarter on wobenwangzhe with PID 9652 (F:\ideaspace\addrook-backend\target\classes started by 王晗 in F:\ideaspace\addrook-backend)
2021-12-16 14:14:32.422 INFO  9652 --- [restartedMain] org.example.SystemApplicationStarter - The following profiles are active: mybatisplus
2021-12-16 14:14:32.740 INFO  9652 --- [restartedMain] o.s.d.r.config.RepositoryConfigurationDelegate - Multiple Spring Data modules found, entering strict repository configuration mode!
2021-12-16 14:14:32.740 INFO  9652 --- [restartedMain] o.s.d.r.config.RepositoryConfigurationDelegate - Bootstrapping Spring Data Redis repositories in DEFAULT mode.
2021-12-16 14:14:32.745 INFO  9652 --- [restartedMain] o.s.d.r.config.RepositoryConfigurationDelegate - Finished Spring Data repository scanning in 4ms. Found 0 Redis repository interfaces.
2021-12-16 14:14:32.771 WARN  9652 --- [restartedMain] org.mybatis.spring.mapper.ClassPathMapperScanner - Skipping MapperFactoryBean with name 'userDao' and 'org.example.addrook.dao.UserDao' mapperInterface. Bean already defined with the same name!
2021-12-16 14:14:32.771 WARN  9652 --- [restartedMain] org.mybatis.spring.mapper.ClassPathMapperScanner - No MyBatis mapper was found in '[org.example.addrook.dao]' package. Please check your configuration.
2021-12-16 14:14:32.867 INFO  9652 --- [restartedMain] o.s.boot.web.embedded.tomcat.TomcatWebServer - Tomcat initialized with port(s): 80 (http)
2021-12-16 14:14:32.868 INFO  9652 --- [restartedMain] org.apache.coyote.http11.Http11NioProtocol - Initializing ProtocolHandler ["http-nio-80"]
2021-12-16 14:14:32.868 INFO  9652 --- [restartedMain] org.apache.catalina.core.StandardService - Starting service [Tomcat]
2021-12-16 14:14:32.868 INFO  9652 --- [restartedMain] org.apache.catalina.core.StandardEngine - Starting Servlet engine: [Apache Tomcat/9.0.46]
2021-12-16 14:14:32.891 INFO  9652 --- [restartedMain] o.a.c.core.ContainerBase.[Tomcat].[localhost].[/] - Initializing Spring embedded WebApplicationContext
2021-12-16 14:14:32.891 INFO  9652 --- [restartedMain] o.s.b.w.s.c.ServletWebServerApplicationContext - Root WebApplicationContext: initialization completed in 465 ms
2021-12-16 14:14:32.920 INFO  9652 --- [restartedMain] c.a.d.s.b.a.DruidDataSourceAutoConfigure - Init DruidDataSource
2021-12-16 14:14:32.963 INFO  9652 --- [restartedMain] com.alibaba.druid.pool.DruidDataSource - {dataSource-4} inited
2021-12-16 14:14:34.601 INFO  9652 --- [restartedMain] o.s.scheduling.concurrent.ThreadPoolTaskExecutor - Initializing ExecutorService 'applicationTaskExecutor'
2021-12-16 14:14:34.606 INFO  9652 --- [restartedMain] o.s.b.d.autoconfigure.OptionalLiveReloadServer - LiveReload server is running on port 35729
2021-12-16 14:14:34.664 INFO  9652 --- [restartedMain] org.apache.coyote.http11.Http11NioProtocol - Starting ProtocolHandler ["http-nio-80"]
2021-12-16 14:14:34.669 INFO  9652 --- [restartedMain] o.s.boot.web.embedded.tomcat.TomcatWebServer - Tomcat started on port(s): 80 (http) with context path ''
2021-12-16 14:14:34.719 INFO  9652 --- [restartedMain] org.example.SystemApplicationStarter - Started SystemApplicationStarter in 2.335 seconds (JVM running for 218.5)
2021-12-16 14:14:34.720 INFO  9652 --- [restartedMain] o.s.b.d.a.ConditionEvaluationDeltaLoggingListener - Condition evaluation unchanged
2021-12-16 14:14:41.246 INFO  9652 --- [http-nio-80-exec-2] o.a.c.core.ContainerBase.[Tomcat].[localhost].[/] - Initializing Spring DispatcherServlet 'dispatcherServlet'
2021-12-16 14:14:41.246 INFO  9652 --- [http-nio-80-exec-2] org.springframework.web.servlet.DispatcherServlet - Initializing Servlet 'dispatcherServlet'
2021-12-16 14:14:41.252 INFO  9652 --- [http-nio-80-exec-2] org.springframework.web.servlet.DispatcherServlet - Completed initialization in 6 ms
2021-12-16 14:16:38.284 INFO  9652 --- [Thread-29] o.s.scheduling.concurrent.ThreadPoolTaskExecutor - Shutting down ExecutorService 'applicationTaskExecutor'
2021-12-16 14:16:38.290 INFO  9652 --- [Thread-29] com.alibaba.druid.pool.DruidDataSource - {dataSource-4} closing ...
2021-12-16 14:16:38.290 INFO  9652 --- [Thread-29] com.alibaba.druid.pool.DruidDataSource - {dataSource-4} closed
2021-12-16 14:16:38.548 INFO  9652 --- [restartedMain] org.example.SystemApplicationStarter - Starting SystemApplicationStarter on wobenwangzhe with PID 9652 (F:\ideaspace\addrook-backend\target\classes started by 王晗 in F:\ideaspace\addrook-backend)
2021-12-16 14:16:38.548 INFO  9652 --- [restartedMain] org.example.SystemApplicationStarter - The following profiles are active: mybatisplus
2021-12-16 14:16:40.654 INFO  9652 --- [restartedMain] o.s.d.r.config.RepositoryConfigurationDelegate - Multiple Spring Data modules found, entering strict repository configuration mode!
2021-12-16 14:16:40.655 INFO  9652 --- [restartedMain] o.s.d.r.config.RepositoryConfigurationDelegate - Bootstrapping Spring Data Redis repositories in DEFAULT mode.
2021-12-16 14:16:40.661 INFO  9652 --- [restartedMain] o.s.d.r.config.RepositoryConfigurationDelegate - Finished Spring Data repository scanning in 6ms. Found 0 Redis repository interfaces.
2021-12-16 14:16:40.686 WARN  9652 --- [restartedMain] org.mybatis.spring.mapper.ClassPathMapperScanner - Skipping MapperFactoryBean with name 'userDao' and 'org.example.addrook.dao.UserDao' mapperInterface. Bean already defined with the same name!
2021-12-16 14:16:40.686 WARN  9652 --- [restartedMain] org.mybatis.spring.mapper.ClassPathMapperScanner - No MyBatis mapper was found in '[org.example.addrook.dao]' package. Please check your configuration.
2021-12-16 14:16:40.762 INFO  9652 --- [restartedMain] o.s.boot.web.embedded.tomcat.TomcatWebServer - Tomcat initialized with port(s): 80 (http)
2021-12-16 14:16:40.763 INFO  9652 --- [restartedMain] org.apache.coyote.http11.Http11NioProtocol - Initializing ProtocolHandler ["http-nio-80"]
2021-12-16 14:16:40.763 INFO  9652 --- [restartedMain] org.apache.catalina.core.StandardService - Starting service [Tomcat]
2021-12-16 14:16:40.763 INFO  9652 --- [restartedMain] org.apache.catalina.core.StandardEngine - Starting Servlet engine: [Apache Tomcat/9.0.46]
2021-12-16 14:16:40.811 INFO  9652 --- [restartedMain] o.a.c.core.ContainerBase.[Tomcat].[localhost].[/] - Initializing Spring embedded WebApplicationContext
2021-12-16 14:16:40.811 INFO  9652 --- [restartedMain] o.s.b.w.s.c.ServletWebServerApplicationContext - Root WebApplicationContext: initialization completed in 2260 ms
2021-12-16 14:16:40.837 INFO  9652 --- [restartedMain] c.a.d.s.b.a.DruidDataSourceAutoConfigure - Init DruidDataSource
2021-12-16 14:16:40.874 INFO  9652 --- [restartedMain] com.alibaba.druid.pool.DruidDataSource - {dataSource-5} inited
2021-12-16 14:16:41.138 INFO  9652 --- [restartedMain] o.s.scheduling.concurrent.ThreadPoolTaskExecutor - Initializing ExecutorService 'applicationTaskExecutor'
2021-12-16 14:16:41.145 INFO  9652 --- [restartedMain] o.s.b.d.autoconfigure.OptionalLiveReloadServer - LiveReload server is running on port 35729
2021-12-16 14:16:41.201 INFO  9652 --- [restartedMain] org.apache.coyote.http11.Http11NioProtocol - Starting ProtocolHandler ["http-nio-80"]
2021-12-16 14:16:41.206 INFO  9652 --- [restartedMain] o.s.boot.web.embedded.tomcat.TomcatWebServer - Tomcat started on port(s): 80 (http) with context path ''
2021-12-16 14:16:41.251 INFO  9652 --- [restartedMain] org.example.SystemApplicationStarter - Started SystemApplicationStarter in 2.738 seconds (JVM running for 345.031)
2021-12-16 14:16:41.252 INFO  9652 --- [restartedMain] o.s.b.d.a.ConditionEvaluationDeltaLoggingListener - Condition evaluation unchanged
2021-12-16 14:16:49.038 INFO  9652 --- [http-nio-80-exec-1] o.a.c.core.ContainerBase.[Tomcat].[localhost].[/] - Initializing Spring DispatcherServlet 'dispatcherServlet'
2021-12-16 14:16:49.039 INFO  9652 --- [http-nio-80-exec-1] org.springframework.web.servlet.DispatcherServlet - Initializing Servlet 'dispatcherServlet'
2021-12-16 14:16:49.044 INFO  9652 --- [http-nio-80-exec-1] org.springframework.web.servlet.DispatcherServlet - Completed initialization in 5 ms
2021-12-16 14:19:14.537 INFO  9652 --- [Thread-34] o.s.scheduling.concurrent.ThreadPoolTaskExecutor - Shutting down ExecutorService 'applicationTaskExecutor'
2021-12-16 14:19:14.540 INFO  9652 --- [Thread-34] com.alibaba.druid.pool.DruidDataSource - {dataSource-5} closing ...
2021-12-16 14:19:14.540 INFO  9652 --- [Thread-34] com.alibaba.druid.pool.DruidDataSource - {dataSource-5} closed
2021-12-16 14:19:14.736 INFO  9652 --- [restartedMain] org.example.SystemApplicationStarter - Starting SystemApplicationStarter on wobenwangzhe with PID 9652 (F:\ideaspace\addrook-backend\target\classes started by 王晗 in F:\ideaspace\addrook-backend)
2021-12-16 14:19:14.736 INFO  9652 --- [restartedMain] org.example.SystemApplicationStarter - The following profiles are active: mybatisplus
2021-12-16 14:19:15.052 INFO  9652 --- [restartedMain] o.s.d.r.config.RepositoryConfigurationDelegate - Multiple Spring Data modules found, entering strict repository configuration mode!
2021-12-16 14:19:15.052 INFO  9652 --- [restartedMain] o.s.d.r.config.RepositoryConfigurationDelegate - Bootstrapping Spring Data Redis repositories in DEFAULT mode.
2021-12-16 14:19:15.059 INFO  9652 --- [restartedMain] o.s.d.r.config.RepositoryConfigurationDelegate - Finished Spring Data repository scanning in 6ms. Found 0 Redis repository interfaces.
2021-12-16 14:19:15.087 WARN  9652 --- [restartedMain] org.mybatis.spring.mapper.ClassPathMapperScanner - Skipping MapperFactoryBean with name 'userDao' and 'org.example.addrook.dao.UserDao' mapperInterface. Bean already defined with the same name!
2021-12-16 14:19:15.087 WARN  9652 --- [restartedMain] org.mybatis.spring.mapper.ClassPathMapperScanner - No MyBatis mapper was found in '[org.example.addrook.dao]' package. Please check your configuration.
2021-12-16 14:19:15.161 INFO  9652 --- [restartedMain] o.s.boot.web.embedded.tomcat.TomcatWebServer - Tomcat initialized with port(s): 80 (http)
2021-12-16 14:19:15.162 INFO  9652 --- [restartedMain] org.apache.coyote.http11.Http11NioProtocol - Initializing ProtocolHandler ["http-nio-80"]
2021-12-16 14:19:15.162 INFO  9652 --- [restartedMain] org.apache.catalina.core.StandardService - Starting service [Tomcat]
2021-12-16 14:19:15.162 INFO  9652 --- [restartedMain] org.apache.catalina.core.StandardEngine - Starting Servlet engine: [Apache Tomcat/9.0.46]
2021-12-16 14:19:15.185 INFO  9652 --- [restartedMain] o.a.c.core.ContainerBase.[Tomcat].[localhost].[/] - Initializing Spring embedded WebApplicationContext
2021-12-16 14:19:15.185 INFO  9652 --- [restartedMain] o.s.b.w.s.c.ServletWebServerApplicationContext - Root WebApplicationContext: initialization completed in 444 ms
2021-12-16 14:19:17.378 INFO  9652 --- [restartedMain] c.a.d.s.b.a.DruidDataSourceAutoConfigure - Init DruidDataSource
2021-12-16 14:19:17.422 INFO  9652 --- [restartedMain] com.alibaba.druid.pool.DruidDataSource - {dataSource-6} inited
2021-12-16 14:19:17.698 INFO  9652 --- [restartedMain] o.s.scheduling.concurrent.ThreadPoolTaskExecutor - Initializing ExecutorService 'applicationTaskExecutor'
2021-12-16 14:19:17.704 INFO  9652 --- [restartedMain] o.s.b.d.autoconfigure.OptionalLiveReloadServer - LiveReload server is running on port 35729
2021-12-16 14:19:17.762 INFO  9652 --- [restartedMain] org.apache.coyote.http11.Http11NioProtocol - Starting ProtocolHandler ["http-nio-80"]
2021-12-16 14:19:17.766 INFO  9652 --- [restartedMain] o.s.boot.web.embedded.tomcat.TomcatWebServer - Tomcat started on port(s): 80 (http) with context path ''
2021-12-16 14:19:17.809 INFO  9652 --- [restartedMain] org.example.SystemApplicationStarter - Started SystemApplicationStarter in 3.108 seconds (JVM running for 501.59)
2021-12-16 14:19:17.811 INFO  9652 --- [restartedMain] o.s.b.d.a.ConditionEvaluationDeltaLoggingListener - Condition evaluation unchanged
2021-12-16 14:19:22.376 INFO  9652 --- [http-nio-80-exec-2] o.a.c.core.ContainerBase.[Tomcat].[localhost].[/] - Initializing Spring DispatcherServlet 'dispatcherServlet'
2021-12-16 14:19:22.376 INFO  9652 --- [http-nio-80-exec-2] org.springframework.web.servlet.DispatcherServlet - Initializing Servlet 'dispatcherServlet'
2021-12-16 14:19:22.380 INFO  9652 --- [http-nio-80-exec-2] org.springframework.web.servlet.DispatcherServlet - Completed initialization in 4 ms
2021-12-16 14:19:47.931 INFO  9652 --- [Thread-39] o.s.scheduling.concurrent.ThreadPoolTaskExecutor - Shutting down ExecutorService 'applicationTaskExecutor'
2021-12-16 14:19:47.934 INFO  9652 --- [Thread-39] com.alibaba.druid.pool.DruidDataSource - {dataSource-6} closing ...
2021-12-16 14:19:47.938 INFO  9652 --- [Thread-39] com.alibaba.druid.pool.DruidDataSource - {dataSource-6} closed
2021-12-16 14:19:48.156 INFO  9652 --- [restartedMain] org.example.SystemApplicationStarter - Starting SystemApplicationStarter on wobenwangzhe with PID 9652 (F:\ideaspace\addrook-backend\target\classes started by 王晗 in F:\ideaspace\addrook-backend)
2021-12-16 14:19:48.156 INFO  9652 --- [restartedMain] org.example.SystemApplicationStarter - The following profiles are active: mybatisplus
2021-12-16 14:19:50.265 INFO  9652 --- [restartedMain] o.s.d.r.config.RepositoryConfigurationDelegate - Multiple Spring Data modules found, entering strict repository configuration mode!
2021-12-16 14:19:50.288 INFO  9652 --- [restartedMain] o.s.d.r.config.RepositoryConfigurationDelegate - Bootstrapping Spring Data Redis repositories in DEFAULT mode.
2021-12-16 14:19:51.117 INFO  9652 --- [restartedMain] o.s.d.r.config.RepositoryConfigurationDelegate - Finished Spring Data repository scanning in 804ms. Found 0 Redis repository interfaces.
2021-12-16 14:19:51.152 WARN  9652 --- [restartedMain] org.mybatis.spring.mapper.ClassPathMapperScanner - Skipping MapperFactoryBean with name 'userDao' and 'org.example.addrook.dao.UserDao' mapperInterface. Bean already defined with the same name!
2021-12-16 14:19:51.152 WARN  9652 --- [restartedMain] org.mybatis.spring.mapper.ClassPathMapperScanner - No MyBatis mapper was found in '[org.example.addrook.dao]' package. Please check your configuration.
2021-12-16 14:19:51.230 INFO  9652 --- [restartedMain] o.s.boot.web.embedded.tomcat.TomcatWebServer - Tomcat initialized with port(s): 80 (http)
2021-12-16 14:19:51.231 INFO  9652 --- [restartedMain] org.apache.coyote.http11.Http11NioProtocol - Initializing ProtocolHandler ["http-nio-80"]
2021-12-16 14:19:51.231 INFO  9652 --- [restartedMain] org.apache.catalina.core.StandardService - Starting service [Tomcat]
2021-12-16 14:19:51.231 INFO  9652 --- [restartedMain] org.apache.catalina.core.StandardEngine - Starting Servlet engine: [Apache Tomcat/9.0.46]
2021-12-16 14:19:51.278 INFO  9652 --- [restartedMain] o.a.c.core.ContainerBase.[Tomcat].[localhost].[/] - Initializing Spring embedded WebApplicationContext
2021-12-16 14:19:51.279 INFO  9652 --- [restartedMain] o.s.b.w.s.c.ServletWebServerApplicationContext - Root WebApplicationContext: initialization completed in 3120 ms
2021-12-16 14:19:51.303 INFO  9652 --- [restartedMain] c.a.d.s.b.a.DruidDataSourceAutoConfigure - Init DruidDataSource
2021-12-16 14:19:51.341 INFO  9652 --- [restartedMain] com.alibaba.druid.pool.DruidDataSource - {dataSource-7} inited
2021-12-16 14:19:51.590 INFO  9652 --- [restartedMain] o.s.scheduling.concurrent.ThreadPoolTaskExecutor - Initializing ExecutorService 'applicationTaskExecutor'
2021-12-16 14:19:51.596 INFO  9652 --- [restartedMain] o.s.b.d.autoconfigure.OptionalLiveReloadServer - LiveReload server is running on port 35729
2021-12-16 14:19:51.650 INFO  9652 --- [restartedMain] org.apache.coyote.http11.Http11NioProtocol - Starting ProtocolHandler ["http-nio-80"]
2021-12-16 14:19:51.654 INFO  9652 --- [restartedMain] o.s.boot.web.embedded.tomcat.TomcatWebServer - Tomcat started on port(s): 80 (http) with context path ''
2021-12-16 14:19:51.696 INFO  9652 --- [restartedMain] org.example.SystemApplicationStarter - Started SystemApplicationStarter in 3.569 seconds (JVM running for 535.476)
2021-12-16 14:19:51.697 INFO  9652 --- [restartedMain] o.s.b.d.a.ConditionEvaluationDeltaLoggingListener - Condition evaluation unchanged
2021-12-16 14:19:55.690 INFO  9652 --- [http-nio-80-exec-2] o.a.c.core.ContainerBase.[Tomcat].[localhost].[/] - Initializing Spring DispatcherServlet 'dispatcherServlet'
2021-12-16 14:19:55.690 INFO  9652 --- [http-nio-80-exec-2] org.springframework.web.servlet.DispatcherServlet - Initializing Servlet 'dispatcherServlet'
2021-12-16 14:19:55.694 INFO  9652 --- [http-nio-80-exec-2] org.springframework.web.servlet.DispatcherServlet - Completed initialization in 4 ms
2021-12-16 14:22:18.076 INFO  9652 --- [Thread-44] o.s.scheduling.concurrent.ThreadPoolTaskExecutor - Shutting down ExecutorService 'applicationTaskExecutor'
2021-12-16 14:22:18.079 INFO  9652 --- [Thread-44] com.alibaba.druid.pool.DruidDataSource - {dataSource-7} closing ...
2021-12-16 14:22:18.080 INFO  9652 --- [Thread-44] com.alibaba.druid.pool.DruidDataSource - {dataSource-7} closed
2021-12-16 14:22:18.330 INFO  9652 --- [restartedMain] org.example.SystemApplicationStarter - Starting SystemApplicationStarter on wobenwangzhe with PID 9652 (F:\ideaspace\addrook-backend\target\classes started by 王晗 in F:\ideaspace\addrook-backend)
2021-12-16 14:22:18.330 INFO  9652 --- [restartedMain] org.example.SystemApplicationStarter - The following profiles are active: mybatisplus
2021-12-16 14:22:18.666 INFO  9652 --- [restartedMain] o.s.d.r.config.RepositoryConfigurationDelegate - Multiple Spring Data modules found, entering strict repository configuration mode!
2021-12-16 14:22:18.667 INFO  9652 --- [restartedMain] o.s.d.r.config.RepositoryConfigurationDelegate - Bootstrapping Spring Data Redis repositories in DEFAULT mode.
2021-12-16 14:22:18.673 INFO  9652 --- [restartedMain] o.s.d.r.config.RepositoryConfigurationDelegate - Finished Spring Data repository scanning in 6ms. Found 0 Redis repository interfaces.
2021-12-16 14:22:18.709 WARN  9652 --- [restartedMain] org.mybatis.spring.mapper.ClassPathMapperScanner - Skipping MapperFactoryBean with name 'userDao' and 'org.example.addrook.dao.UserDao' mapperInterface. Bean already defined with the same name!
2021-12-16 14:22:18.709 WARN  9652 --- [restartedMain] org.mybatis.spring.mapper.ClassPathMapperScanner - No MyBatis mapper was found in '[org.example.addrook.dao]' package. Please check your configuration.
2021-12-16 14:22:18.819 INFO  9652 --- [restartedMain] o.s.boot.web.embedded.tomcat.TomcatWebServer - Tomcat initialized with port(s): 80 (http)
2021-12-16 14:22:18.819 INFO  9652 --- [restartedMain] org.apache.coyote.http11.Http11NioProtocol - Initializing ProtocolHandler ["http-nio-80"]
2021-12-16 14:22:18.819 INFO  9652 --- [restartedMain] org.apache.catalina.core.StandardService - Starting service [Tomcat]
2021-12-16 14:22:18.820 INFO  9652 --- [restartedMain] org.apache.catalina.core.StandardEngine - Starting Servlet engine: [Apache Tomcat/9.0.46]
2021-12-16 14:22:18.840 INFO  9652 --- [restartedMain] o.a.c.core.ContainerBase.[Tomcat].[localhost].[/] - Initializing Spring embedded WebApplicationContext
2021-12-16 14:22:18.840 INFO  9652 --- [restartedMain] o.s.b.w.s.c.ServletWebServerApplicationContext - Root WebApplicationContext: initialization completed in 507 ms
2021-12-16 14:22:18.868 INFO  9652 --- [restartedMain] c.a.d.s.b.a.DruidDataSourceAutoConfigure - Init DruidDataSource
2021-12-16 14:22:18.913 INFO  9652 --- [restartedMain] com.alibaba.druid.pool.DruidDataSource - {dataSource-8} inited
2021-12-16 14:22:22.279 INFO  9652 --- [restartedMain] o.s.scheduling.concurrent.ThreadPoolTaskExecutor - Initializing ExecutorService 'applicationTaskExecutor'
2021-12-16 14:22:22.285 INFO  9652 --- [restartedMain] o.s.b.d.autoconfigure.OptionalLiveReloadServer - LiveReload server is running on port 35729
2021-12-16 14:22:22.341 INFO  9652 --- [restartedMain] org.apache.coyote.http11.Http11NioProtocol - Starting ProtocolHandler ["http-nio-80"]
2021-12-16 14:22:22.345 INFO  9652 --- [restartedMain] o.s.boot.web.embedded.tomcat.TomcatWebServer - Tomcat started on port(s): 80 (http) with context path ''
2021-12-16 14:22:22.381 INFO  9652 --- [restartedMain] org.example.SystemApplicationStarter - Started SystemApplicationStarter in 4.101 seconds (JVM running for 686.162)
2021-12-16 14:22:22.382 INFO  9652 --- [restartedMain] o.s.b.d.a.ConditionEvaluationDeltaLoggingListener - Condition evaluation unchanged
2021-12-16 14:22:28.868 INFO  9652 --- [http-nio-80-exec-2] o.a.c.core.ContainerBase.[Tomcat].[localhost].[/] - Initializing Spring DispatcherServlet 'dispatcherServlet'
2021-12-16 14:22:28.869 INFO  9652 --- [http-nio-80-exec-2] org.springframework.web.servlet.DispatcherServlet - Initializing Servlet 'dispatcherServlet'
2021-12-16 14:22:28.873 INFO  9652 --- [http-nio-80-exec-2] org.springframework.web.servlet.DispatcherServlet - Completed initialization in 4 ms
2021-12-16 14:28:31.431 INFO  9652 --- [SpringContextShutdownHook] o.s.scheduling.concurrent.ThreadPoolTaskExecutor - Shutting down ExecutorService 'applicationTaskExecutor'
2021-12-16 14:28:31.434 INFO  9652 --- [SpringContextShutdownHook] com.alibaba.druid.pool.DruidDataSource - {dataSource-8} closing ...
2021-12-16 14:28:31.434 INFO  9652 --- [SpringContextShutdownHook] com.alibaba.druid.pool.DruidDataSource - {dataSource-8} closed
2021-12-16 15:27:04.853 INFO  13488 --- [background-preinit] org.hibernate.validator.internal.util.Version - HV000001: Hibernate Validator 6.1.7.Final
2021-12-16 15:27:04.893 INFO  13488 --- [restartedMain] org.example.SystemApplicationStarter - Starting SystemApplicationStarter on wobenwangzhe with PID 13488 (F:\ideaspace\addrook-backend\target\classes started by 王晗 in F:\ideaspace\addrook-backend)
2021-12-16 15:27:04.893 INFO  13488 --- [restartedMain] org.example.SystemApplicationStarter - The following profiles are active: mybatisplus
2021-12-16 15:27:04.956 INFO  13488 --- [restartedMain] o.s.b.d.env.DevToolsPropertyDefaultsPostProcessor - Devtools property defaults active! Set 'spring.devtools.add-properties' to 'false' to disable
2021-12-16 15:27:04.956 INFO  13488 --- [restartedMain] o.s.b.d.env.DevToolsPropertyDefaultsPostProcessor - For additional web related logging consider setting the 'logging.level.web' property to 'DEBUG'
2021-12-16 15:27:05.667 INFO  13488 --- [restartedMain] o.s.d.r.config.RepositoryConfigurationDelegate - Multiple Spring Data modules found, entering strict repository configuration mode!
2021-12-16 15:27:05.669 INFO  13488 --- [restartedMain] o.s.d.r.config.RepositoryConfigurationDelegate - Bootstrapping Spring Data Redis repositories in DEFAULT mode.
2021-12-16 15:27:05.696 INFO  13488 --- [restartedMain] o.s.d.r.config.RepositoryConfigurationDelegate - Finished Spring Data repository scanning in 16ms. Found 0 Redis repository interfaces.
2021-12-16 15:27:05.830 WARN  13488 --- [restartedMain] org.mybatis.spring.mapper.ClassPathMapperScanner - Skipping MapperFactoryBean with name 'userDao' and 'org.example.addrook.dao.UserDao' mapperInterface. Bean already defined with the same name!
2021-12-16 15:27:05.830 WARN  13488 --- [restartedMain] org.mybatis.spring.mapper.ClassPathMapperScanner - No MyBatis mapper was found in '[org.example.addrook.dao]' package. Please check your configuration.
2021-12-16 15:27:06.161 INFO  13488 --- [restartedMain] o.s.boot.web.embedded.tomcat.TomcatWebServer - Tomcat initialized with port(s): 80 (http)
2021-12-16 15:27:06.168 INFO  13488 --- [restartedMain] org.apache.coyote.http11.Http11NioProtocol - Initializing ProtocolHandler ["http-nio-80"]
2021-12-16 15:27:06.168 INFO  13488 --- [restartedMain] org.apache.catalina.core.StandardService - Starting service [Tomcat]
2021-12-16 15:27:06.168 INFO  13488 --- [restartedMain] org.apache.catalina.core.StandardEngine - Starting Servlet engine: [Apache Tomcat/9.0.46]
2021-12-16 15:27:06.294 INFO  13488 --- [restartedMain] o.a.c.core.ContainerBase.[Tomcat].[localhost].[/] - Initializing Spring embedded WebApplicationContext
2021-12-16 15:27:06.295 INFO  13488 --- [restartedMain] o.s.b.w.s.c.ServletWebServerApplicationContext - Root WebApplicationContext: initialization completed in 1338 ms
2021-12-16 15:27:06.386 INFO  13488 --- [restartedMain] c.a.d.s.b.a.DruidDataSourceAutoConfigure - Init DruidDataSource
2021-12-16 15:27:06.567 INFO  13488 --- [restartedMain] com.alibaba.druid.pool.DruidDataSource - {dataSource-1} inited
2021-12-16 15:27:07.518 INFO  13488 --- [restartedMain] o.s.scheduling.concurrent.ThreadPoolTaskExecutor - Initializing ExecutorService 'applicationTaskExecutor'
2021-12-16 15:27:07.541 INFO  13488 --- [restartedMain] o.s.b.d.autoconfigure.OptionalLiveReloadServer - LiveReload server is running on port 35729
2021-12-16 15:27:07.724 INFO  13488 --- [restartedMain] org.apache.coyote.http11.Http11NioProtocol - Starting ProtocolHandler ["http-nio-80"]
2021-12-16 15:27:07.742 INFO  13488 --- [restartedMain] o.s.boot.web.embedded.tomcat.TomcatWebServer - Tomcat started on port(s): 80 (http) with context path ''
2021-12-16 15:27:07.917 INFO  13488 --- [restartedMain] org.example.SystemApplicationStarter - Started SystemApplicationStarter in 3.496 seconds (JVM running for 4.455)
2021-12-16 15:27:16.683 INFO  13488 --- [http-nio-80-exec-5] o.a.c.core.ContainerBase.[Tomcat].[localhost].[/] - Initializing Spring DispatcherServlet 'dispatcherServlet'
2021-12-16 15:27:16.684 INFO  13488 --- [http-nio-80-exec-5] org.springframework.web.servlet.DispatcherServlet - Initializing Servlet 'dispatcherServlet'
2021-12-16 15:27:16.691 INFO  13488 --- [http-nio-80-exec-5] org.springframework.web.servlet.DispatcherServlet - Completed initialization in 7 ms
2021-12-16 15:36:55.047 WARN  13488 --- [http-nio-80-exec-2] com.alibaba.druid.pool.DruidAbstractDataSource - discard long time none received connection. , jdbcUrl : jdbc:mysql://localhost:3306/addrook_db?useUnicode=true&characterEncoding=UTF-8&serverTimezone=Asia/Shanghai&useSSL=false&allowPublicKeyRetrieval=true, version : 1.2.8, lastPacketReceivedIdleMillis : 80002
2021-12-16 16:12:14.396 WARN  13488 --- [http-nio-80-exec-6] com.alibaba.druid.pool.DruidAbstractDataSource - discard long time none received connection. , jdbcUrl : jdbc:mysql://localhost:3306/addrook_db?useUnicode=true&characterEncoding=UTF-8&serverTimezone=Asia/Shanghai&useSSL=false&allowPublicKeyRetrieval=true, version : 1.2.8, lastPacketReceivedIdleMillis : 62207
2021-12-16 16:19:41.620 WARN  13488 --- [http-nio-80-exec-7] com.alibaba.druid.pool.DruidAbstractDataSource - discard long time none received connection. , jdbcUrl : jdbc:mysql://localhost:3306/addrook_db?useUnicode=true&characterEncoding=UTF-8&serverTimezone=Asia/Shanghai&useSSL=false&allowPublicKeyRetrieval=true, version : 1.2.8, lastPacketReceivedIdleMillis : 93683
2021-12-16 16:24:59.390 WARN  13488 --- [http-nio-80-exec-4] com.alibaba.druid.pool.DruidAbstractDataSource - discard long time none received connection. , jdbcUrl : jdbc:mysql://localhost:3306/addrook_db?useUnicode=true&characterEncoding=UTF-8&serverTimezone=Asia/Shanghai&useSSL=false&allowPublicKeyRetrieval=true, version : 1.2.8, lastPacketReceivedIdleMillis : 70319
2021-12-16 16:28:57.553 WARN  13488 --- [http-nio-80-exec-8] com.alibaba.druid.pool.DruidAbstractDataSource - discard long time none received connection. , jdbcUrl : jdbc:mysql://localhost:3306/addrook_db?useUnicode=true&characterEncoding=UTF-8&serverTimezone=Asia/Shanghai&useSSL=false&allowPublicKeyRetrieval=true, version : 1.2.8, lastPacketReceivedIdleMillis : 68170
2021-12-16 16:42:07.025 WARN  13488 --- [http-nio-80-exec-4] com.alibaba.druid.pool.DruidAbstractDataSource - discard long time none received connection. , jdbcUrl : jdbc:mysql://localhost:3306/addrook_db?useUnicode=true&characterEncoding=UTF-8&serverTimezone=Asia/Shanghai&useSSL=false&allowPublicKeyRetrieval=true, version : 1.2.8, lastPacketReceivedIdleMillis : 62869
2021-12-16 16:43:58.332 WARN  13488 --- [http-nio-80-exec-10] com.alibaba.druid.pool.DruidAbstractDataSource - discard long time none received connection. , jdbcUrl : jdbc:mysql://localhost:3306/addrook_db?useUnicode=true&characterEncoding=UTF-8&serverTimezone=Asia/Shanghai&useSSL=false&allowPublicKeyRetrieval=true, version : 1.2.8, lastPacketReceivedIdleMillis : 103256
2021-12-16 17:01:20.716 WARN  13488 --- [http-nio-80-exec-6] com.alibaba.druid.pool.DruidAbstractDataSource - discard long time none received connection. , jdbcUrl : jdbc:mysql://localhost:3306/addrook_db?useUnicode=true&characterEncoding=UTF-8&serverTimezone=Asia/Shanghai&useSSL=false&allowPublicKeyRetrieval=true, version : 1.2.8, lastPacketReceivedIdleMillis : 62874
2021-12-16 17:12:04.928 WARN  13488 --- [http-nio-80-exec-6] com.alibaba.druid.pool.DruidAbstractDataSource - discard long time none received connection. , jdbcUrl : jdbc:mysql://localhost:3306/addrook_db?useUnicode=true&characterEncoding=UTF-8&serverTimezone=Asia/Shanghai&useSSL=false&allowPublicKeyRetrieval=true, version : 1.2.8, lastPacketReceivedIdleMillis : 71731
2021-12-16 17:13:33.293 WARN  13488 --- [http-nio-80-exec-8] com.alibaba.druid.pool.DruidAbstractDataSource - discard long time none received connection. , jdbcUrl : jdbc:mysql://localhost:3306/addrook_db?useUnicode=true&characterEncoding=UTF-8&serverTimezone=Asia/Shanghai&useSSL=false&allowPublicKeyRetrieval=true, version : 1.2.8, lastPacketReceivedIdleMillis : 80975
2021-12-16 17:18:38.970 WARN  13488 --- [http-nio-80-exec-10] com.alibaba.druid.pool.DruidAbstractDataSource - discard long time none received connection. , jdbcUrl : jdbc:mysql://localhost:3306/addrook_db?useUnicode=true&characterEncoding=UTF-8&serverTimezone=Asia/Shanghai&useSSL=false&allowPublicKeyRetrieval=true, version : 1.2.8, lastPacketReceivedIdleMillis : 66274
2021-12-16 17:38:27.661 INFO  19724 --- [background-preinit] org.hibernate.validator.internal.util.Version - HV000001: Hibernate Validator 6.1.7.Final
2021-12-16 17:38:27.687 INFO  19724 --- [restartedMain] org.example.SystemApplicationStarter - Starting SystemApplicationStarter on wobenwangzhe with PID 19724 (F:\ideaspace\addrook-backend\target\classes started by 王晗 in F:\ideaspace\addrook-backend)
2021-12-16 17:38:27.687 INFO  19724 --- [restartedMain] org.example.SystemApplicationStarter - The following profiles are active: mybatisplus
2021-12-16 17:38:27.730 INFO  19724 --- [restartedMain] o.s.b.d.env.DevToolsPropertyDefaultsPostProcessor - Devtools property defaults active! Set 'spring.devtools.add-properties' to 'false' to disable
2021-12-16 17:38:27.730 INFO  19724 --- [restartedMain] o.s.b.d.env.DevToolsPropertyDefaultsPostProcessor - For additional web related logging consider setting the 'logging.level.web' property to 'DEBUG'
2021-12-16 17:38:28.468 INFO  19724 --- [restartedMain] o.s.d.r.config.RepositoryConfigurationDelegate - Multiple Spring Data modules found, entering strict repository configuration mode!
2021-12-16 17:38:28.470 INFO  19724 --- [restartedMain] o.s.d.r.config.RepositoryConfigurationDelegate - Bootstrapping Spring Data Redis repositories in DEFAULT mode.
2021-12-16 17:38:28.498 INFO  19724 --- [restartedMain] o.s.d.r.config.RepositoryConfigurationDelegate - Finished Spring Data repository scanning in 14ms. Found 0 Redis repository interfaces.
2021-12-16 17:38:28.626 WARN  19724 --- [restartedMain] org.mybatis.spring.mapper.ClassPathMapperScanner - Skipping MapperFactoryBean with name 'userDao' and 'org.example.addrook.dao.UserDao' mapperInterface. Bean already defined with the same name!
2021-12-16 17:38:28.626 WARN  19724 --- [restartedMain] org.mybatis.spring.mapper.ClassPathMapperScanner - No MyBatis mapper was found in '[org.example.addrook.dao]' package. Please check your configuration.
2021-12-16 17:38:28.986 INFO  19724 --- [restartedMain] o.s.boot.web.embedded.tomcat.TomcatWebServer - Tomcat initialized with port(s): 80 (http)
2021-12-16 17:38:28.995 INFO  19724 --- [restartedMain] org.apache.coyote.http11.Http11NioProtocol - Initializing ProtocolHandler ["http-nio-80"]
2021-12-16 17:38:28.995 INFO  19724 --- [restartedMain] org.apache.catalina.core.StandardService - Starting service [Tomcat]
2021-12-16 17:38:28.996 INFO  19724 --- [restartedMain] org.apache.catalina.core.StandardEngine - Starting Servlet engine: [Apache Tomcat/9.0.46]
2021-12-16 17:38:29.127 INFO  19724 --- [restartedMain] o.a.c.core.ContainerBase.[Tomcat].[localhost].[/] - Initializing Spring embedded WebApplicationContext
2021-12-16 17:38:29.127 INFO  19724 --- [restartedMain] o.s.b.w.s.c.ServletWebServerApplicationContext - Root WebApplicationContext: initialization completed in 1396 ms
2021-12-16 17:38:29.217 INFO  19724 --- [restartedMain] c.a.d.s.b.a.DruidDataSourceAutoConfigure - Init DruidDataSource
2021-12-16 17:38:29.430 INFO  19724 --- [restartedMain] com.alibaba.druid.pool.DruidDataSource - {dataSource-1} inited
2021-12-16 17:38:30.496 INFO  19724 --- [restartedMain] o.s.scheduling.concurrent.ThreadPoolTaskExecutor - Initializing ExecutorService 'applicationTaskExecutor'
2021-12-16 17:38:30.525 WARN  19724 --- [restartedMain] o.s.b.d.autoconfigure.OptionalLiveReloadServer - Unable to start LiveReload server
2021-12-16 17:38:30.740 INFO  19724 --- [restartedMain] org.apache.coyote.http11.Http11NioProtocol - Starting ProtocolHandler ["http-nio-80"]
2021-12-16 17:38:30.750 WARN  19724 --- [restartedMain] o.s.b.w.s.c.AnnotationConfigServletWebServerApplicationContext - Exception encountered during context initialization - cancelling refresh attempt: org.springframework.context.ApplicationContextException: Failed to start bean 'webServerStartStop'; nested exception is org.springframework.boot.web.server.PortInUseException: Port 80 is already in use
2021-12-16 17:38:30.751 INFO  19724 --- [restartedMain] o.s.scheduling.concurrent.ThreadPoolTaskExecutor - Shutting down ExecutorService 'applicationTaskExecutor'
2021-12-16 17:38:30.765 INFO  19724 --- [restartedMain] com.alibaba.druid.pool.DruidDataSource - {dataSource-1} closing ...
2021-12-16 17:38:30.769 INFO  19724 --- [restartedMain] com.alibaba.druid.pool.DruidDataSource - {dataSource-1} closed
2021-12-16 17:38:30.771 INFO  19724 --- [restartedMain] org.apache.coyote.http11.Http11NioProtocol - Pausing ProtocolHandler ["http-nio-80"]
2021-12-16 17:38:30.772 INFO  19724 --- [restartedMain] org.apache.catalina.core.StandardService - Stopping service [Tomcat]
2021-12-16 17:38:30.776 INFO  19724 --- [restartedMain] org.apache.coyote.http11.Http11NioProtocol - Stopping ProtocolHandler ["http-nio-80"]
2021-12-16 17:38:30.777 INFO  19724 --- [restartedMain] org.apache.coyote.http11.Http11NioProtocol - Destroying ProtocolHandler ["http-nio-80"]
2021-12-16 17:38:30.811 INFO  19724 --- [restartedMain] o.s.b.a.l.ConditionEvaluationReportLoggingListener - 

Error starting ApplicationContext. To display the conditions report re-run your application with 'debug' enabled.
2021-12-16 17:38:30.828 ERROR 19724 --- [restartedMain] o.s.b.diagnostics.LoggingFailureAnalysisReporter - 

***************************
APPLICATION FAILED TO START
***************************

Description:

Web server failed to start. Port 80 was already in use.

Action:

Identify and stop the process that's listening on port 80 or configure this application to listen on another port.

